{"C:\\Users\\79282\\WebstormProjects\\P2P-Messenger-frontend\\src\\components\\ChatModule.js": {"path":"C:\\Users\\79282\\WebstormProjects\\P2P-Messenger-frontend\\src\\components\\ChatModule.js","statementMap":{"0":{"start":{"line":24,"column":14},"end":{"line":24,"column":34}},"1":{"start":{"line":25,"column":0},"end":{"line":25,"column":33}},"2":{"start":{"line":26,"column":0},"end":{"line":26,"column":28}},"3":{"start":{"line":27,"column":13},"end":{"line":27,"column":17}},"4":{"start":{"line":30,"column":4},"end":{"line":34,"column":5}},"5":{"start":{"line":31,"column":8},"end":{"line":33,"column":10}},"6":{"start":{"line":35,"column":4},"end":{"line":35,"column":18}},"7":{"start":{"line":40,"column":8},"end":{"line":40,"column":21}},"8":{"start":{"line":41,"column":8},"end":{"line":41,"column":48}},"9":{"start":{"line":42,"column":8},"end":{"line":54,"column":10}},"10":{"start":{"line":55,"column":8},"end":{"line":55,"column":81}},"11":{"start":{"line":56,"column":8},"end":{"line":56,"column":61}},"12":{"start":{"line":57,"column":8},"end":{"line":57,"column":59}},"13":{"start":{"line":58,"column":8},"end":{"line":58,"column":61}},"14":{"start":{"line":59,"column":8},"end":{"line":59,"column":55}},"15":{"start":{"line":60,"column":8},"end":{"line":60,"column":65}},"16":{"start":{"line":61,"column":8},"end":{"line":61,"column":63}},"17":{"start":{"line":62,"column":8},"end":{"line":62,"column":57}},"18":{"start":{"line":66,"column":29},"end":{"line":66,"column":47}},"19":{"start":{"line":67,"column":8},"end":{"line":72,"column":9}},"20":{"start":{"line":68,"column":12},"end":{"line":71,"column":15}},"21":{"start":{"line":76,"column":8},"end":{"line":83,"column":9}},"22":{"start":{"line":77,"column":12},"end":{"line":82,"column":14}},"23":{"start":{"line":86,"column":24},"end":{"line":104,"column":5}},"24":{"start":{"line":87,"column":27},"end":{"line":92,"column":9}},"25":{"start":{"line":94,"column":27},"end":{"line":101,"column":9}},"26":{"start":{"line":95,"column":12},"end":{"line":100,"column":13}},"27":{"start":{"line":96,"column":16},"end":{"line":96,"column":56}},"28":{"start":{"line":98,"column":16},"end":{"line":98,"column":86}},"29":{"start":{"line":99,"column":16},"end":{"line":99,"column":56}},"30":{"start":{"line":103,"column":8},"end":{"line":103,"column":38}},"31":{"start":{"line":107,"column":31},"end":{"line":107,"column":92}},"32":{"start":{"line":108,"column":8},"end":{"line":108,"column":47}},"33":{"start":{"line":109,"column":8},"end":{"line":109,"column":47}},"34":{"start":{"line":113,"column":8},"end":{"line":116,"column":11}},"35":{"start":{"line":120,"column":27},"end":{"line":120,"column":47}},"36":{"start":{"line":121,"column":8},"end":{"line":121,"column":52}},"37":{"start":{"line":125,"column":16},"end":{"line":125,"column":32}},"38":{"start":{"line":127,"column":12},"end":{"line":127,"column":82}},"39":{"start":{"line":128,"column":29},"end":{"line":128,"column":41}},"40":{"start":{"line":130,"column":8},"end":{"line":137,"column":9}},"41":{"start":{"line":131,"column":12},"end":{"line":134,"column":15}},"42":{"start":{"line":136,"column":12},"end":{"line":136,"column":79}},"43":{"start":{"line":142,"column":8},"end":{"line":167,"column":11}},"44":{"start":{"line":143,"column":24},"end":{"line":143,"column":35}},"45":{"start":{"line":144,"column":12},"end":{"line":161,"column":14}},"46":{"start":{"line":145,"column":30},"end":{"line":145,"column":39}},"47":{"start":{"line":146,"column":31},"end":{"line":146,"column":41}},"48":{"start":{"line":149,"column":16},"end":{"line":152,"column":17}},"49":{"start":{"line":150,"column":20},"end":{"line":150,"column":100}},"50":{"start":{"line":151,"column":20},"end":{"line":151,"column":92}},"51":{"start":{"line":155,"column":16},"end":{"line":158,"column":17}},"52":{"start":{"line":156,"column":20},"end":{"line":156,"column":93}},"53":{"start":{"line":157,"column":20},"end":{"line":157,"column":85}},"54":{"start":{"line":160,"column":16},"end":{"line":160,"column":26}},"55":{"start":{"line":162,"column":12},"end":{"line":165,"column":14}},"56":{"start":{"line":163,"column":16},"end":{"line":163,"column":67}},"57":{"start":{"line":164,"column":16},"end":{"line":164,"column":59}},"58":{"start":{"line":166,"column":12},"end":{"line":166,"column":48}},"59":{"start":{"line":170,"column":19},"end":{"line":232,"column":5}},"60":{"start":{"line":171,"column":26},"end":{"line":171,"column":57}},"61":{"start":{"line":172,"column":8},"end":{"line":172,"column":32}},"62":{"start":{"line":173,"column":8},"end":{"line":173,"column":82}},"63":{"start":{"line":174,"column":33},"end":{"line":174,"column":48}},"64":{"start":{"line":175,"column":33},"end":{"line":175,"column":49}},"65":{"start":{"line":176,"column":33},"end":{"line":176,"column":49}},"66":{"start":{"line":178,"column":8},"end":{"line":229,"column":11}},"67":{"start":{"line":179,"column":26},"end":{"line":179,"column":40}},"68":{"start":{"line":180,"column":33},"end":{"line":180,"column":41}},"69":{"start":{"line":181,"column":12},"end":{"line":228,"column":13}},"70":{"start":{"line":182,"column":16},"end":{"line":227,"column":17}},"71":{"start":{"line":183,"column":37},"end":{"line":183,"column":59}},"72":{"start":{"line":184,"column":37},"end":{"line":184,"column":54}},"73":{"start":{"line":186,"column":45},"end":{"line":186,"column":179}},"74":{"start":{"line":187,"column":20},"end":{"line":191,"column":21}},"75":{"start":{"line":188,"column":24},"end":{"line":188,"column":67}},"76":{"start":{"line":189,"column":24},"end":{"line":189,"column":77}},"77":{"start":{"line":190,"column":24},"end":{"line":190,"column":31}},"78":{"start":{"line":193,"column":20},"end":{"line":196,"column":21}},"79":{"start":{"line":194,"column":24},"end":{"line":194,"column":108}},"80":{"start":{"line":195,"column":24},"end":{"line":195,"column":31}},"81":{"start":{"line":198,"column":20},"end":{"line":201,"column":21}},"82":{"start":{"line":199,"column":24},"end":{"line":199,"column":104}},"83":{"start":{"line":200,"column":24},"end":{"line":200,"column":31}},"84":{"start":{"line":203,"column":20},"end":{"line":206,"column":21}},"85":{"start":{"line":204,"column":24},"end":{"line":204,"column":110}},"86":{"start":{"line":205,"column":24},"end":{"line":205,"column":31}},"87":{"start":{"line":208,"column":20},"end":{"line":210,"column":21}},"88":{"start":{"line":209,"column":24},"end":{"line":209,"column":64}},"89":{"start":{"line":212,"column":20},"end":{"line":224,"column":21}},"90":{"start":{"line":213,"column":24},"end":{"line":220,"column":27}},"91":{"start":{"line":214,"column":28},"end":{"line":219,"column":29}},"92":{"start":{"line":215,"column":32},"end":{"line":215,"column":88}},"93":{"start":{"line":218,"column":32},"end":{"line":218,"column":108}},"94":{"start":{"line":223,"column":24},"end":{"line":223,"column":100}},"95":{"start":{"line":226,"column":20},"end":{"line":226,"column":41}},"96":{"start":{"line":231,"column":8},"end":{"line":231,"column":26}},"97":{"start":{"line":235,"column":8},"end":{"line":235,"column":36}},"98":{"start":{"line":239,"column":31},"end":{"line":239,"column":62}},"99":{"start":{"line":241,"column":8},"end":{"line":260,"column":11}},"100":{"start":{"line":242,"column":26},"end":{"line":242,"column":57}},"101":{"start":{"line":243,"column":12},"end":{"line":243,"column":50}},"102":{"start":{"line":245,"column":12},"end":{"line":259,"column":14}},"103":{"start":{"line":246,"column":30},"end":{"line":246,"column":46}},"104":{"start":{"line":247,"column":31},"end":{"line":247,"column":48}},"105":{"start":{"line":250,"column":36},"end":{"line":250,"column":50}},"106":{"start":{"line":253,"column":34},"end":{"line":256,"column":18}},"107":{"start":{"line":254,"column":58},"end":{"line":254,"column":87}},"108":{"start":{"line":255,"column":20},"end":{"line":255,"column":94}},"109":{"start":{"line":258,"column":16},"end":{"line":258,"column":35}},"110":{"start":{"line":264,"column":20},"end":{"line":264,"column":49}},"111":{"start":{"line":265,"column":25},"end":{"line":271,"column":10}},"112":{"start":{"line":273,"column":8},"end":{"line":360,"column":15}},"113":{"start":{"line":276,"column":16},"end":{"line":279,"column":19}},"114":{"start":{"line":280,"column":16},"end":{"line":355,"column":23}},"115":{"start":{"line":285,"column":24},"end":{"line":351,"column":31}},"116":{"start":{"line":288,"column":32},"end":{"line":295,"column":35}},"117":{"start":{"line":294,"column":36},"end":{"line":294,"column":58}},"118":{"start":{"line":296,"column":32},"end":{"line":296,"column":68}},"119":{"start":{"line":297,"column":32},"end":{"line":300,"column":34}},"120":{"start":{"line":301,"column":32},"end":{"line":304,"column":34}},"121":{"start":{"line":302,"column":36},"end":{"line":302,"column":91}},"122":{"start":{"line":303,"column":36},"end":{"line":303,"column":78}},"123":{"start":{"line":305,"column":32},"end":{"line":308,"column":34}},"124":{"start":{"line":306,"column":36},"end":{"line":306,"column":74}},"125":{"start":{"line":307,"column":36},"end":{"line":307,"column":51}},"126":{"start":{"line":309,"column":32},"end":{"line":316,"column":34}},"127":{"start":{"line":310,"column":36},"end":{"line":314,"column":38}},"128":{"start":{"line":315,"column":36},"end":{"line":315,"column":51}},"129":{"start":{"line":317,"column":32},"end":{"line":346,"column":34}},"130":{"start":{"line":318,"column":50},"end":{"line":318,"column":72}},"131":{"start":{"line":319,"column":36},"end":{"line":345,"column":37}},"132":{"start":{"line":324,"column":40},"end":{"line":331,"column":41}},"133":{"start":{"line":325,"column":44},"end":{"line":325,"column":81}},"134":{"start":{"line":326,"column":44},"end":{"line":328,"column":47}},"135":{"start":{"line":330,"column":44},"end":{"line":330,"column":113}},"136":{"start":{"line":333,"column":59},"end":{"line":337,"column":41}},"137":{"start":{"line":338,"column":59},"end":{"line":338,"column":78}},"138":{"start":{"line":339,"column":40},"end":{"line":339,"column":72}},"139":{"start":{"line":340,"column":40},"end":{"line":343,"column":42}},"140":{"start":{"line":344,"column":40},"end":{"line":344,"column":73}},"141":{"start":{"line":349,"column":32},"end":{"line":349,"column":65}},"142":{"start":{"line":350,"column":32},"end":{"line":350,"column":77}},"143":{"start":{"line":354,"column":24},"end":{"line":354,"column":75}},"144":{"start":{"line":358,"column":16},"end":{"line":358,"column":49}},"145":{"start":{"line":359,"column":16},"end":{"line":359,"column":69}},"146":{"start":{"line":363,"column":21},"end":{"line":370,"column":5}},"147":{"start":{"line":365,"column":8},"end":{"line":369,"column":9}},"148":{"start":{"line":367,"column":12},"end":{"line":367,"column":35}},"149":{"start":{"line":368,"column":12},"end":{"line":368,"column":39}},"150":{"start":{"line":373,"column":8},"end":{"line":373,"column":31}},"151":{"start":{"line":374,"column":22},"end":{"line":374,"column":46}},"152":{"start":{"line":376,"column":8},"end":{"line":394,"column":9}},"153":{"start":{"line":377,"column":12},"end":{"line":393,"column":13}},"154":{"start":{"line":378,"column":16},"end":{"line":378,"column":44}},"155":{"start":{"line":380,"column":35},"end":{"line":384,"column":17}},"156":{"start":{"line":386,"column":16},"end":{"line":386,"column":86}},"157":{"start":{"line":387,"column":16},"end":{"line":392,"column":17}},"158":{"start":{"line":388,"column":20},"end":{"line":388,"column":60}},"159":{"start":{"line":389,"column":20},"end":{"line":389,"column":127}},"160":{"start":{"line":391,"column":20},"end":{"line":391,"column":84}},"161":{"start":{"line":398,"column":29},"end":{"line":398,"column":57}},"162":{"start":{"line":399,"column":23},"end":{"line":399,"column":39}},"163":{"start":{"line":401,"column":8},"end":{"line":420,"column":10}},"164":{"start":{"line":402,"column":31},"end":{"line":402,"column":64}},"165":{"start":{"line":403,"column":31},"end":{"line":410,"column":13}},"166":{"start":{"line":412,"column":12},"end":{"line":419,"column":13}},"167":{"start":{"line":413,"column":16},"end":{"line":413,"column":56}},"168":{"start":{"line":414,"column":16},"end":{"line":414,"column":123}},"169":{"start":{"line":416,"column":16},"end":{"line":416,"column":86}},"170":{"start":{"line":417,"column":16},"end":{"line":417,"column":56}},"171":{"start":{"line":418,"column":16},"end":{"line":418,"column":123}},"172":{"start":{"line":422,"column":8},"end":{"line":422,"column":43}},"173":{"start":{"line":426,"column":33},"end":{"line":438,"column":9}},"174":{"start":{"line":445,"column":12},"end":{"line":445,"column":22}},"175":{"start":{"line":446,"column":8},"end":{"line":680,"column":9}},"176":{"start":{"line":447,"column":12},"end":{"line":458,"column":14}},"177":{"start":{"line":459,"column":15},"end":{"line":680,"column":9}},"178":{"start":{"line":460,"column":12},"end":{"line":460,"column":64}},"179":{"start":{"line":462,"column":12},"end":{"line":679,"column":14}},"180":{"start":{"line":477,"column":36},"end":{"line":553,"column":38}},"181":{"start":{"line":567,"column":52},"end":{"line":567,"column":74}},"182":{"start":{"line":659,"column":32},"end":{"line":674,"column":34}}},"fnMap":{"0":{"name":"checkWebSocket","decl":{"start":{"line":29,"column":9},"end":{"line":29,"column":23}},"loc":{"start":{"line":29,"column":44},"end":{"line":36,"column":1}},"line":29},"1":{"name":"(anonymous_1)","decl":{"start":{"line":39,"column":4},"end":{"line":39,"column":5}},"loc":{"start":{"line":39,"column":23},"end":{"line":63,"column":5}},"line":39},"2":{"name":"(anonymous_2)","decl":{"start":{"line":65,"column":4},"end":{"line":65,"column":5}},"loc":{"start":{"line":65,"column":25},"end":{"line":73,"column":5}},"line":65},"3":{"name":"(anonymous_3)","decl":{"start":{"line":75,"column":4},"end":{"line":75,"column":5}},"loc":{"start":{"line":75,"column":31},"end":{"line":84,"column":5}},"line":75},"4":{"name":"(anonymous_4)","decl":{"start":{"line":86,"column":24},"end":{"line":86,"column":25}},"loc":{"start":{"line":86,"column":37},"end":{"line":104,"column":5}},"line":86},"5":{"name":"(anonymous_5)","decl":{"start":{"line":94,"column":27},"end":{"line":94,"column":28}},"loc":{"start":{"line":94,"column":39},"end":{"line":101,"column":9}},"line":94},"6":{"name":"(anonymous_6)","decl":{"start":{"line":106,"column":4},"end":{"line":106,"column":5}},"loc":{"start":{"line":106,"column":22},"end":{"line":110,"column":5}},"line":106},"7":{"name":"(anonymous_7)","decl":{"start":{"line":112,"column":4},"end":{"line":112,"column":5}},"loc":{"start":{"line":112,"column":21},"end":{"line":117,"column":5}},"line":112},"8":{"name":"(anonymous_8)","decl":{"start":{"line":119,"column":4},"end":{"line":119,"column":5}},"loc":{"start":{"line":119,"column":18},"end":{"line":122,"column":5}},"line":119},"9":{"name":"(anonymous_9)","decl":{"start":{"line":124,"column":4},"end":{"line":124,"column":5}},"loc":{"start":{"line":124,"column":45},"end":{"line":139,"column":5}},"line":124},"10":{"name":"(anonymous_10)","decl":{"start":{"line":141,"column":4},"end":{"line":141,"column":5}},"loc":{"start":{"line":141,"column":25},"end":{"line":168,"column":5}},"line":141},"11":{"name":"(anonymous_11)","decl":{"start":{"line":142,"column":27},"end":{"line":142,"column":28}},"loc":{"start":{"line":142,"column":48},"end":{"line":167,"column":9}},"line":142},"12":{"name":"(anonymous_12)","decl":{"start":{"line":144,"column":25},"end":{"line":144,"column":26}},"loc":{"start":{"line":144,"column":31},"end":{"line":161,"column":13}},"line":144},"13":{"name":"(anonymous_13)","decl":{"start":{"line":162,"column":26},"end":{"line":162,"column":27}},"loc":{"start":{"line":162,"column":32},"end":{"line":165,"column":13}},"line":162},"14":{"name":"(anonymous_14)","decl":{"start":{"line":170,"column":19},"end":{"line":170,"column":20}},"loc":{"start":{"line":170,"column":31},"end":{"line":232,"column":5}},"line":170},"15":{"name":"(anonymous_15)","decl":{"start":{"line":178,"column":45},"end":{"line":178,"column":46}},"loc":{"start":{"line":178,"column":58},"end":{"line":229,"column":9}},"line":178},"16":{"name":"(anonymous_16)","decl":{"start":{"line":213,"column":69},"end":{"line":213,"column":70}},"loc":{"start":{"line":213,"column":84},"end":{"line":220,"column":25}},"line":213},"17":{"name":"(anonymous_17)","decl":{"start":{"line":234,"column":4},"end":{"line":234,"column":5}},"loc":{"start":{"line":234,"column":23},"end":{"line":236,"column":5}},"line":234},"18":{"name":"(anonymous_18)","decl":{"start":{"line":238,"column":4},"end":{"line":238,"column":5}},"loc":{"start":{"line":238,"column":31},"end":{"line":261,"column":5}},"line":238},"19":{"name":"(anonymous_19)","decl":{"start":{"line":241,"column":27},"end":{"line":241,"column":28}},"loc":{"start":{"line":241,"column":40},"end":{"line":260,"column":9}},"line":241},"20":{"name":"(anonymous_20)","decl":{"start":{"line":245,"column":37},"end":{"line":245,"column":38}},"loc":{"start":{"line":245,"column":43},"end":{"line":259,"column":13}},"line":245},"21":{"name":"(anonymous_21)","decl":{"start":{"line":253,"column":54},"end":{"line":253,"column":55}},"loc":{"start":{"line":253,"column":66},"end":{"line":256,"column":17}},"line":253},"22":{"name":"(anonymous_22)","decl":{"start":{"line":263,"column":4},"end":{"line":263,"column":5}},"loc":{"start":{"line":263,"column":24},"end":{"line":361,"column":5}},"line":263},"23":{"name":"(anonymous_23)","decl":{"start":{"line":275,"column":18},"end":{"line":275,"column":19}},"loc":{"start":{"line":275,"column":27},"end":{"line":356,"column":13}},"line":275},"24":{"name":"(anonymous_24)","decl":{"start":{"line":284,"column":26},"end":{"line":284,"column":27}},"loc":{"start":{"line":284,"column":32},"end":{"line":352,"column":21}},"line":284},"25":{"name":"(anonymous_25)","decl":{"start":{"line":287,"column":34},"end":{"line":287,"column":35}},"loc":{"start":{"line":287,"column":48},"end":{"line":347,"column":29}},"line":287},"26":{"name":"(anonymous_26)","decl":{"start":{"line":293,"column":35},"end":{"line":293,"column":36}},"loc":{"start":{"line":293,"column":41},"end":{"line":295,"column":33}},"line":293},"27":{"name":"(anonymous_27)","decl":{"start":{"line":301,"column":48},"end":{"line":301,"column":49}},"loc":{"start":{"line":301,"column":54},"end":{"line":304,"column":33}},"line":301},"28":{"name":"(anonymous_28)","decl":{"start":{"line":305,"column":49},"end":{"line":305,"column":50}},"loc":{"start":{"line":305,"column":55},"end":{"line":308,"column":33}},"line":305},"29":{"name":"(anonymous_29)","decl":{"start":{"line":309,"column":49},"end":{"line":309,"column":50}},"loc":{"start":{"line":309,"column":58},"end":{"line":316,"column":33}},"line":309},"30":{"name":"(anonymous_30)","decl":{"start":{"line":317,"column":51},"end":{"line":317,"column":52}},"loc":{"start":{"line":317,"column":62},"end":{"line":346,"column":33}},"line":317},"31":{"name":"(anonymous_31)","decl":{"start":{"line":348,"column":35},"end":{"line":348,"column":36}},"loc":{"start":{"line":348,"column":44},"end":{"line":351,"column":29}},"line":348},"32":{"name":"(anonymous_32)","decl":{"start":{"line":353,"column":27},"end":{"line":353,"column":28}},"loc":{"start":{"line":353,"column":36},"end":{"line":355,"column":21}},"line":353},"33":{"name":"(anonymous_33)","decl":{"start":{"line":357,"column":19},"end":{"line":357,"column":20}},"loc":{"start":{"line":357,"column":28},"end":{"line":360,"column":13}},"line":357},"34":{"name":"(anonymous_34)","decl":{"start":{"line":363,"column":21},"end":{"line":363,"column":22}},"loc":{"start":{"line":363,"column":32},"end":{"line":370,"column":5}},"line":363},"35":{"name":"(anonymous_35)","decl":{"start":{"line":372,"column":4},"end":{"line":372,"column":5}},"loc":{"start":{"line":372,"column":26},"end":{"line":395,"column":5}},"line":372},"36":{"name":"(anonymous_36)","decl":{"start":{"line":397,"column":4},"end":{"line":397,"column":5}},"loc":{"start":{"line":397,"column":29},"end":{"line":423,"column":5}},"line":397},"37":{"name":"(anonymous_37)","decl":{"start":{"line":401,"column":24},"end":{"line":401,"column":25}},"loc":{"start":{"line":401,"column":35},"end":{"line":420,"column":9}},"line":401},"38":{"name":"(anonymous_38)","decl":{"start":{"line":425,"column":4},"end":{"line":425,"column":5}},"loc":{"start":{"line":425,"column":13},"end":{"line":681,"column":5}},"line":425},"39":{"name":"(anonymous_39)","decl":{"start":{"line":476,"column":46},"end":{"line":476,"column":47}},"loc":{"start":{"line":476,"column":66},"end":{"line":554,"column":33}},"line":476},"40":{"name":"(anonymous_40)","decl":{"start":{"line":567,"column":45},"end":{"line":567,"column":46}},"loc":{"start":{"line":567,"column":52},"end":{"line":567,"column":74}},"line":567},"41":{"name":"(anonymous_41)","decl":{"start":{"line":658,"column":41},"end":{"line":658,"column":42}},"loc":{"start":{"line":658,"column":60},"end":{"line":675,"column":29}},"line":658}},"branchMap":{"0":{"loc":{"start":{"line":30,"column":4},"end":{"line":34,"column":5}},"type":"if","locations":[{"start":{"line":30,"column":4},"end":{"line":34,"column":5}},{"start":{},"end":{}}],"line":30},"1":{"loc":{"start":{"line":30,"column":8},"end":{"line":30,"column":65}},"type":"binary-expr","locations":[{"start":{"line":30,"column":8},"end":{"line":30,"column":23}},{"start":{"line":30,"column":27},"end":{"line":30,"column":65}}],"line":30},"2":{"loc":{"start":{"line":67,"column":8},"end":{"line":72,"column":9}},"type":"if","locations":[{"start":{"line":67,"column":8},"end":{"line":72,"column":9}},{"start":{},"end":{}}],"line":67},"3":{"loc":{"start":{"line":76,"column":8},"end":{"line":83,"column":9}},"type":"if","locations":[{"start":{"line":76,"column":8},"end":{"line":83,"column":9}},{"start":{},"end":{}}],"line":76},"4":{"loc":{"start":{"line":76,"column":12},"end":{"line":76,"column":69}},"type":"binary-expr","locations":[{"start":{"line":76,"column":12},"end":{"line":76,"column":27}},{"start":{"line":76,"column":31},"end":{"line":76,"column":69}}],"line":76},"5":{"loc":{"start":{"line":95,"column":12},"end":{"line":100,"column":13}},"type":"if","locations":[{"start":{"line":95,"column":12},"end":{"line":100,"column":13}},{"start":{"line":97,"column":19},"end":{"line":100,"column":13}}],"line":95},"6":{"loc":{"start":{"line":95,"column":16},"end":{"line":95,"column":71}},"type":"binary-expr","locations":[{"start":{"line":95,"column":16},"end":{"line":95,"column":31}},{"start":{"line":95,"column":35},"end":{"line":95,"column":71}}],"line":95},"7":{"loc":{"start":{"line":127,"column":12},"end":{"line":127,"column":82}},"type":"cond-expr","locations":[{"start":{"line":127,"column":53},"end":{"line":127,"column":55}},{"start":{"line":127,"column":58},"end":{"line":127,"column":82}}],"line":127},"8":{"loc":{"start":{"line":130,"column":8},"end":{"line":137,"column":9}},"type":"if","locations":[{"start":{"line":130,"column":8},"end":{"line":137,"column":9}},{"start":{"line":135,"column":15},"end":{"line":137,"column":9}}],"line":130},"9":{"loc":{"start":{"line":149,"column":16},"end":{"line":152,"column":17}},"type":"if","locations":[{"start":{"line":149,"column":16},"end":{"line":152,"column":17}},{"start":{},"end":{}}],"line":149},"10":{"loc":{"start":{"line":149,"column":20},"end":{"line":149,"column":47}},"type":"binary-expr","locations":[{"start":{"line":149,"column":20},"end":{"line":149,"column":31}},{"start":{"line":149,"column":35},"end":{"line":149,"column":47}}],"line":149},"11":{"loc":{"start":{"line":155,"column":16},"end":{"line":158,"column":17}},"type":"if","locations":[{"start":{"line":155,"column":16},"end":{"line":158,"column":17}},{"start":{},"end":{}}],"line":155},"12":{"loc":{"start":{"line":155,"column":20},"end":{"line":155,"column":49}},"type":"binary-expr","locations":[{"start":{"line":155,"column":20},"end":{"line":155,"column":32}},{"start":{"line":155,"column":36},"end":{"line":155,"column":49}}],"line":155},"13":{"loc":{"start":{"line":181,"column":12},"end":{"line":228,"column":13}},"type":"if","locations":[{"start":{"line":181,"column":12},"end":{"line":228,"column":13}},{"start":{},"end":{}}],"line":181},"14":{"loc":{"start":{"line":187,"column":20},"end":{"line":191,"column":21}},"type":"if","locations":[{"start":{"line":187,"column":20},"end":{"line":191,"column":21}},{"start":{},"end":{}}],"line":187},"15":{"loc":{"start":{"line":193,"column":20},"end":{"line":196,"column":21}},"type":"if","locations":[{"start":{"line":193,"column":20},"end":{"line":196,"column":21}},{"start":{},"end":{}}],"line":193},"16":{"loc":{"start":{"line":193,"column":24},"end":{"line":193,"column":93}},"type":"binary-expr","locations":[{"start":{"line":193,"column":24},"end":{"line":193,"column":62}},{"start":{"line":193,"column":66},"end":{"line":193,"column":93}}],"line":193},"17":{"loc":{"start":{"line":198,"column":20},"end":{"line":201,"column":21}},"type":"if","locations":[{"start":{"line":198,"column":20},"end":{"line":201,"column":21}},{"start":{},"end":{}}],"line":198},"18":{"loc":{"start":{"line":198,"column":24},"end":{"line":198,"column":93}},"type":"binary-expr","locations":[{"start":{"line":198,"column":24},"end":{"line":198,"column":62}},{"start":{"line":198,"column":66},"end":{"line":198,"column":93}}],"line":198},"19":{"loc":{"start":{"line":203,"column":20},"end":{"line":206,"column":21}},"type":"if","locations":[{"start":{"line":203,"column":20},"end":{"line":206,"column":21}},{"start":{},"end":{}}],"line":203},"20":{"loc":{"start":{"line":203,"column":24},"end":{"line":203,"column":93}},"type":"binary-expr","locations":[{"start":{"line":203,"column":24},"end":{"line":203,"column":62}},{"start":{"line":203,"column":66},"end":{"line":203,"column":93}}],"line":203},"21":{"loc":{"start":{"line":208,"column":20},"end":{"line":210,"column":21}},"type":"if","locations":[{"start":{"line":208,"column":20},"end":{"line":210,"column":21}},{"start":{},"end":{}}],"line":208},"22":{"loc":{"start":{"line":212,"column":20},"end":{"line":224,"column":21}},"type":"if","locations":[{"start":{"line":212,"column":20},"end":{"line":224,"column":21}},{"start":{"line":222,"column":24},"end":{"line":224,"column":21}}],"line":212},"23":{"loc":{"start":{"line":214,"column":28},"end":{"line":219,"column":29}},"type":"if","locations":[{"start":{"line":214,"column":28},"end":{"line":219,"column":29}},{"start":{"line":217,"column":32},"end":{"line":219,"column":29}}],"line":214},"24":{"loc":{"start":{"line":319,"column":36},"end":{"line":345,"column":37}},"type":"if","locations":[{"start":{"line":319,"column":36},"end":{"line":345,"column":37}},{"start":{"line":332,"column":43},"end":{"line":345,"column":37}}],"line":319},"25":{"loc":{"start":{"line":320,"column":40},"end":{"line":322,"column":72}},"type":"binary-expr","locations":[{"start":{"line":320,"column":40},"end":{"line":320,"column":70}},{"start":{"line":321,"column":41},"end":{"line":321,"column":69}},{"start":{"line":322,"column":44},"end":{"line":322,"column":71}}],"line":320},"26":{"loc":{"start":{"line":324,"column":40},"end":{"line":331,"column":41}},"type":"if","locations":[{"start":{"line":324,"column":40},"end":{"line":331,"column":41}},{"start":{"line":329,"column":47},"end":{"line":331,"column":41}}],"line":324},"27":{"loc":{"start":{"line":324,"column":44},"end":{"line":324,"column":121}},"type":"binary-expr","locations":[{"start":{"line":324,"column":44},"end":{"line":324,"column":82}},{"start":{"line":324,"column":86},"end":{"line":324,"column":121}}],"line":324},"28":{"loc":{"start":{"line":365,"column":8},"end":{"line":369,"column":9}},"type":"if","locations":[{"start":{"line":365,"column":8},"end":{"line":369,"column":9}},{"start":{},"end":{}}],"line":365},"29":{"loc":{"start":{"line":376,"column":8},"end":{"line":394,"column":9}},"type":"if","locations":[{"start":{"line":376,"column":8},"end":{"line":394,"column":9}},{"start":{},"end":{}}],"line":376},"30":{"loc":{"start":{"line":376,"column":12},"end":{"line":376,"column":67}},"type":"binary-expr","locations":[{"start":{"line":376,"column":12},"end":{"line":376,"column":35}},{"start":{"line":376,"column":39},"end":{"line":376,"column":67}}],"line":376},"31":{"loc":{"start":{"line":377,"column":12},"end":{"line":393,"column":13}},"type":"if","locations":[{"start":{"line":377,"column":12},"end":{"line":393,"column":13}},{"start":{"line":379,"column":19},"end":{"line":393,"column":13}}],"line":377},"32":{"loc":{"start":{"line":387,"column":16},"end":{"line":392,"column":17}},"type":"if","locations":[{"start":{"line":387,"column":16},"end":{"line":392,"column":17}},{"start":{"line":390,"column":23},"end":{"line":392,"column":17}}],"line":387},"33":{"loc":{"start":{"line":412,"column":12},"end":{"line":419,"column":13}},"type":"if","locations":[{"start":{"line":412,"column":12},"end":{"line":419,"column":13}},{"start":{"line":415,"column":19},"end":{"line":419,"column":13}}],"line":412},"34":{"loc":{"start":{"line":412,"column":16},"end":{"line":412,"column":71}},"type":"binary-expr","locations":[{"start":{"line":412,"column":16},"end":{"line":412,"column":31}},{"start":{"line":412,"column":35},"end":{"line":412,"column":71}}],"line":412},"35":{"loc":{"start":{"line":446,"column":8},"end":{"line":680,"column":9}},"type":"if","locations":[{"start":{"line":446,"column":8},"end":{"line":680,"column":9}},{"start":{"line":459,"column":15},"end":{"line":680,"column":9}}],"line":446},"36":{"loc":{"start":{"line":459,"column":15},"end":{"line":680,"column":9}},"type":"if","locations":[{"start":{"line":459,"column":15},"end":{"line":680,"column":9}},{"start":{"line":461,"column":15},"end":{"line":680,"column":9}}],"line":459},"37":{"loc":{"start":{"line":481,"column":63},"end":{"line":481,"column":135}},"type":"cond-expr","locations":[{"start":{"line":481,"column":114},"end":{"line":481,"column":119}},{"start":{"line":481,"column":122},"end":{"line":481,"column":135}}],"line":481},"38":{"loc":{"start":{"line":482,"column":64},"end":{"line":482,"column":140}},"type":"cond-expr","locations":[{"start":{"line":482,"column":115},"end":{"line":482,"column":125}},{"start":{"line":482,"column":128},"end":{"line":482,"column":140}}],"line":482},"39":{"loc":{"start":{"line":486,"column":45},"end":{"line":506,"column":52}},"type":"cond-expr","locations":[{"start":{"line":487,"column":48},"end":{"line":505,"column":49}},{"start":{"line":506,"column":48},"end":{"line":506,"column":52}}],"line":486},"40":{"loc":{"start":{"line":487,"column":48},"end":{"line":505,"column":49}},"type":"cond-expr","locations":[{"start":{"line":488,"column":52},"end":{"line":493,"column":58}},{"start":{"line":494,"column":52},"end":{"line":505,"column":49}}],"line":487},"41":{"loc":{"start":{"line":494,"column":52},"end":{"line":505,"column":49}},"type":"cond-expr","locations":[{"start":{"line":495,"column":52},"end":{"line":500,"column":58}},{"start":{"line":502,"column":52},"end":{"line":504,"column":58}}],"line":494},"42":{"loc":{"start":{"line":507,"column":45},"end":{"line":535,"column":45}},"type":"binary-expr","locations":[{"start":{"line":507,"column":45},"end":{"line":507,"column":74}},{"start":{"line":508,"column":48},"end":{"line":534,"column":54}}],"line":507},"43":{"loc":{"start":{"line":512,"column":56},"end":{"line":514,"column":95}},"type":"cond-expr","locations":[{"start":{"line":513,"column":62},"end":{"line":513,"column":93}},{"start":{"line":514,"column":62},"end":{"line":514,"column":95}}],"line":512},"44":{"loc":{"start":{"line":521,"column":60},"end":{"line":523,"column":72}},"type":"cond-expr","locations":[{"start":{"line":522,"column":66},"end":{"line":522,"column":73}},{"start":{"line":523,"column":66},"end":{"line":523,"column":72}}],"line":521},"45":{"loc":{"start":{"line":528,"column":56},"end":{"line":530,"column":68}},"type":"cond-expr","locations":[{"start":{"line":529,"column":62},"end":{"line":529,"column":69}},{"start":{"line":530,"column":62},"end":{"line":530,"column":68}}],"line":528},"46":{"loc":{"start":{"line":540,"column":56},"end":{"line":542,"column":68}},"type":"cond-expr","locations":[{"start":{"line":541,"column":62},"end":{"line":541,"column":69}},{"start":{"line":542,"column":62},"end":{"line":542,"column":68}}],"line":540},"47":{"loc":{"start":{"line":545,"column":52},"end":{"line":547,"column":64}},"type":"cond-expr","locations":[{"start":{"line":546,"column":58},"end":{"line":546,"column":65}},{"start":{"line":547,"column":58},"end":{"line":547,"column":64}}],"line":545},"48":{"loc":{"start":{"line":578,"column":49},"end":{"line":578,"column":88}},"type":"cond-expr","locations":[{"start":{"line":578,"column":72},"end":{"line":578,"column":79}},{"start":{"line":578,"column":82},"end":{"line":578,"column":88}}],"line":578},"49":{"loc":{"start":{"line":592,"column":37},"end":{"line":596,"column":37}},"type":"binary-expr","locations":[{"start":{"line":592,"column":37},"end":{"line":592,"column":65}},{"start":{"line":593,"column":40},"end":{"line":595,"column":46}}],"line":592},"50":{"loc":{"start":{"line":669,"column":79},"end":{"line":669,"column":215}},"type":"cond-expr","locations":[{"start":{"line":669,"column":98},"end":{"line":669,"column":114}},{"start":{"line":669,"column":117},"end":{"line":669,"column":215}}],"line":669}},"s":{"0":2,"1":2,"2":2,"3":2,"4":2,"5":1,"6":2,"7":35,"8":35,"9":35,"10":35,"11":35,"12":35,"13":35,"14":35,"15":35,"16":35,"17":35,"18":3,"19":3,"20":2,"21":1,"22":1,"23":35,"24":1,"25":1,"26":1,"27":1,"28":0,"29":0,"30":1,"31":1,"32":1,"33":1,"34":3,"35":2,"36":2,"37":2,"38":2,"39":2,"40":2,"41":1,"42":1,"43":3,"44":3,"45":3,"46":3,"47":3,"48":3,"49":1,"50":1,"51":3,"52":1,"53":1,"54":3,"55":3,"56":0,"57":0,"58":3,"59":35,"60":9,"61":9,"62":9,"63":9,"64":9,"65":9,"66":9,"67":8,"68":8,"69":8,"70":8,"71":8,"72":8,"73":8,"74":8,"75":1,"76":1,"77":1,"78":7,"79":1,"80":1,"81":6,"82":1,"83":1,"84":5,"85":1,"86":1,"87":4,"88":1,"89":4,"90":3,"91":3,"92":1,"93":2,"94":1,"95":0,"96":9,"97":2,"98":2,"99":2,"100":2,"101":2,"102":2,"103":2,"104":2,"105":2,"106":2,"107":7,"108":7,"109":2,"110":36,"111":36,"112":36,"113":2,"114":2,"115":1,"116":1,"117":1,"118":1,"119":1,"120":1,"121":0,"122":0,"123":1,"124":0,"125":0,"126":1,"127":0,"128":0,"129":1,"130":0,"131":0,"132":0,"133":0,"134":0,"135":0,"136":0,"137":0,"138":0,"139":0,"140":0,"141":0,"142":0,"143":1,"144":34,"145":34,"146":35,"147":1,"148":1,"149":1,"150":3,"151":3,"152":3,"153":2,"154":1,"155":1,"156":1,"157":1,"158":1,"159":1,"160":0,"161":0,"162":0,"163":0,"164":0,"165":0,"166":0,"167":0,"168":0,"169":0,"170":0,"171":0,"172":0,"173":54,"174":54,"175":54,"176":50,"177":4,"178":0,"179":4,"180":3,"181":0,"182":1},"f":{"0":2,"1":35,"2":3,"3":1,"4":1,"5":1,"6":1,"7":3,"8":2,"9":2,"10":3,"11":3,"12":3,"13":0,"14":9,"15":8,"16":3,"17":2,"18":2,"19":2,"20":2,"21":7,"22":36,"23":2,"24":1,"25":1,"26":1,"27":0,"28":0,"29":0,"30":0,"31":0,"32":1,"33":34,"34":1,"35":3,"36":0,"37":0,"38":54,"39":3,"40":0,"41":1},"b":{"0":[1,1],"1":[2,1],"2":[2,1],"3":[1,0],"4":[1,1],"5":[1,0],"6":[1,1],"7":[0,2],"8":[1,1],"9":[1,2],"10":[3,2],"11":[1,2],"12":[3,2],"13":[8,0],"14":[1,7],"15":[1,6],"16":[7,1],"17":[1,5],"18":[6,4],"19":[1,4],"20":[5,2],"21":[1,3],"22":[3,1],"23":[1,2],"24":[0,0],"25":[0,0,0],"26":[0,0],"27":[0,0],"28":[1,0],"29":[2,1],"30":[3,1],"31":[1,1],"32":[1,0],"33":[0,0],"34":[0,0],"35":[50,4],"36":[0,4],"37":[0,3],"38":[0,3],"39":[3,0],"40":[1,2],"41":[1,1],"42":[3,3],"43":[0,3],"44":[0,3],"45":[0,3],"46":[0,3],"47":[0,3],"48":[0,4],"49":[4,0],"50":[0,1]},"_coverageSchema":"1a1c01bbd47fc00a2c39e90264f33305004495a9","hash":"353078c65a0fa457956d5b844ba462846fdf4a53"}
,"C:\\Users\\79282\\WebstormProjects\\P2P-Messenger-frontend\\src\\components\\NavBar.js": {"path":"C:\\Users\\79282\\WebstormProjects\\P2P-Messenger-frontend\\src\\components\\NavBar.js","statementMap":{"0":{"start":{"line":7,"column":8},"end":{"line":64,"column":10}}},"fnMap":{"0":{"name":"(anonymous_0)","decl":{"start":{"line":6,"column":4},"end":{"line":6,"column":5}},"loc":{"start":{"line":6,"column":13},"end":{"line":65,"column":5}},"line":6}},"branchMap":{},"s":{"0":2},"f":{"0":2},"b":{},"_coverageSchema":"1a1c01bbd47fc00a2c39e90264f33305004495a9","hash":"749e0183b70502ed58348ec84ac3ba8f449b5d0f"}
,"C:\\Users\\79282\\WebstormProjects\\P2P-Messenger-frontend\\src\\components\\ProtectedRoute.js": {"path":"C:\\Users\\79282\\WebstormProjects\\P2P-Messenger-frontend\\src\\components\\ProtectedRoute.js","statementMap":{"0":{"start":{"line":6,"column":26},"end":{"line":6,"column":41}},"1":{"start":{"line":7,"column":32},"end":{"line":7,"column":61}},"2":{"start":{"line":8,"column":8},"end":{"line":8,"column":74}}},"fnMap":{"0":{"name":"(anonymous_0)","decl":{"start":{"line":5,"column":4},"end":{"line":5,"column":5}},"loc":{"start":{"line":5,"column":13},"end":{"line":9,"column":5}},"line":5}},"branchMap":{"0":{"loc":{"start":{"line":8,"column":15},"end":{"line":8,"column":73}},"type":"cond-expr","locations":[{"start":{"line":8,"column":33},"end":{"line":8,"column":46}},{"start":{"line":8,"column":49},"end":{"line":8,"column":73}}],"line":8}},"s":{"0":2,"1":2,"2":2},"f":{"0":2},"b":{"0":[1,1]},"_coverageSchema":"1a1c01bbd47fc00a2c39e90264f33305004495a9","hash":"6359fc0131857b10ab1eb7bba74bde447921e4f0"}
,"C:\\Users\\79282\\WebstormProjects\\P2P-Messenger-frontend\\src\\components\\VideoChatModule.js": {"path":"C:\\Users\\79282\\WebstormProjects\\P2P-Messenger-frontend\\src\\components\\VideoChatModule.js","statementMap":{"0":{"start":{"line":5,"column":31},"end":{"line":58,"column":1}},"1":{"start":{"line":6,"column":19},"end":{"line":6,"column":31}},"2":{"start":{"line":7,"column":64},"end":{"line":7,"column":93}},"3":{"start":{"line":9,"column":24},"end":{"line":15,"column":32}},"4":{"start":{"line":10,"column":8},"end":{"line":14,"column":9}},"5":{"start":{"line":11,"column":32},"end":{"line":11,"column":49}},"6":{"start":{"line":12,"column":12},"end":{"line":12,"column":53}},"7":{"start":{"line":13,"column":12},"end":{"line":13,"column":31}},"8":{"start":{"line":17,"column":4},"end":{"line":35,"column":27}},"9":{"start":{"line":18,"column":8},"end":{"line":34,"column":9}},"10":{"start":{"line":19,"column":32},"end":{"line":19,"column":49}},"11":{"start":{"line":20,"column":12},"end":{"line":20,"column":50}},"12":{"start":{"line":22,"column":12},"end":{"line":22,"column":51}},"13":{"start":{"line":25,"column":12},"end":{"line":31,"column":13}},"14":{"start":{"line":26,"column":16},"end":{"line":30,"column":19}},"15":{"start":{"line":29,"column":20},"end":{"line":29,"column":73}},"16":{"start":{"line":33,"column":12},"end":{"line":33,"column":44}},"17":{"start":{"line":37,"column":4},"end":{"line":57,"column":6}},"18":{"start":{"line":52,"column":24},"end":{"line":52,"column":68}},"19":{"start":{"line":60,"column":27},"end":{"line":88,"column":1}},"20":{"start":{"line":61,"column":32},"end":{"line":61,"column":46}},"21":{"start":{"line":62,"column":33},"end":{"line":66,"column":6}},"22":{"start":{"line":64,"column":12},"end":{"line":64,"column":32}},"23":{"start":{"line":68,"column":24},"end":{"line":71,"column":5}},"24":{"start":{"line":69,"column":8},"end":{"line":69,"column":29}},"25":{"start":{"line":70,"column":8},"end":{"line":70,"column":15}},"26":{"start":{"line":73,"column":4},"end":{"line":87,"column":6}},"27":{"start":{"line":78,"column":24},"end":{"line":78,"column":92}},"28":{"start":{"line":90,"column":24},"end":{"line":104,"column":1}},"29":{"start":{"line":91,"column":4},"end":{"line":103,"column":6}}},"fnMap":{"0":{"name":"(anonymous_0)","decl":{"start":{"line":5,"column":31},"end":{"line":5,"column":32}},"loc":{"start":{"line":5,"column":52},"end":{"line":58,"column":1}},"line":5},"1":{"name":"(anonymous_1)","decl":{"start":{"line":9,"column":32},"end":{"line":9,"column":33}},"loc":{"start":{"line":9,"column":38},"end":{"line":15,"column":5}},"line":9},"2":{"name":"(anonymous_2)","decl":{"start":{"line":17,"column":14},"end":{"line":17,"column":15}},"loc":{"start":{"line":17,"column":20},"end":{"line":35,"column":5}},"line":17},"3":{"name":"(anonymous_3)","decl":{"start":{"line":26,"column":43},"end":{"line":26,"column":44}},"loc":{"start":{"line":26,"column":49},"end":{"line":28,"column":17}},"line":26},"4":{"name":"(anonymous_4)","decl":{"start":{"line":28,"column":25},"end":{"line":28,"column":26}},"loc":{"start":{"line":28,"column":36},"end":{"line":30,"column":17}},"line":28},"5":{"name":"(anonymous_5)","decl":{"start":{"line":51,"column":29},"end":{"line":51,"column":30}},"loc":{"start":{"line":51,"column":38},"end":{"line":53,"column":21}},"line":51},"6":{"name":"(anonymous_6)","decl":{"start":{"line":60,"column":27},"end":{"line":60,"column":28}},"loc":{"start":{"line":60,"column":33},"end":{"line":88,"column":1}},"line":60},"7":{"name":"(anonymous_7)","decl":{"start":{"line":63,"column":25},"end":{"line":63,"column":26}},"loc":{"start":{"line":63,"column":31},"end":{"line":65,"column":9}},"line":63},"8":{"name":"(anonymous_8)","decl":{"start":{"line":68,"column":24},"end":{"line":68,"column":25}},"loc":{"start":{"line":68,"column":30},"end":{"line":71,"column":5}},"line":68},"9":{"name":"(anonymous_9)","decl":{"start":{"line":77,"column":50},"end":{"line":77,"column":51}},"loc":{"start":{"line":78,"column":24},"end":{"line":78,"column":92}},"line":78},"10":{"name":"(anonymous_10)","decl":{"start":{"line":90,"column":24},"end":{"line":90,"column":25}},"loc":{"start":{"line":90,"column":30},"end":{"line":104,"column":1}},"line":90}},"branchMap":{"0":{"loc":{"start":{"line":10,"column":8},"end":{"line":14,"column":9}},"type":"if","locations":[{"start":{"line":10,"column":8},"end":{"line":14,"column":9}},{"start":{},"end":{}}],"line":10},"1":{"loc":{"start":{"line":10,"column":12},"end":{"line":10,"column":36}},"type":"binary-expr","locations":[{"start":{"line":10,"column":12},"end":{"line":10,"column":20}},{"start":{"line":10,"column":24},"end":{"line":10,"column":36}}],"line":10},"2":{"loc":{"start":{"line":18,"column":8},"end":{"line":34,"column":9}},"type":"if","locations":[{"start":{"line":18,"column":8},"end":{"line":34,"column":9}},{"start":{"line":32,"column":15},"end":{"line":34,"column":9}}],"line":18},"3":{"loc":{"start":{"line":18,"column":12},"end":{"line":18,"column":48}},"type":"binary-expr","locations":[{"start":{"line":18,"column":12},"end":{"line":18,"column":26}},{"start":{"line":18,"column":30},"end":{"line":18,"column":35}},{"start":{"line":18,"column":39},"end":{"line":18,"column":48}}],"line":18},"4":{"loc":{"start":{"line":25,"column":12},"end":{"line":31,"column":13}},"type":"if","locations":[{"start":{"line":25,"column":12},"end":{"line":31,"column":13}},{"start":{},"end":{}}],"line":25},"5":{"loc":{"start":{"line":40,"column":13},"end":{"line":55,"column":13}},"type":"binary-expr","locations":[{"start":{"line":40,"column":13},"end":{"line":40,"column":21}},{"start":{"line":41,"column":16},"end":{"line":54,"column":18}}],"line":40},"6":{"loc":{"start":{"line":75,"column":13},"end":{"line":85,"column":13}},"type":"cond-expr","locations":[{"start":{"line":76,"column":16},"end":{"line":80,"column":22}},{"start":{"line":81,"column":16},"end":{"line":85,"column":13}}],"line":75},"7":{"loc":{"start":{"line":75,"column":13},"end":{"line":75,"column":42}},"type":"binary-expr","locations":[{"start":{"line":75,"column":13},"end":{"line":75,"column":19}},{"start":{"line":75,"column":23},"end":{"line":75,"column":42}}],"line":75},"8":{"loc":{"start":{"line":81,"column":16},"end":{"line":85,"column":13}},"type":"cond-expr","locations":[{"start":{"line":82,"column":16},"end":{"line":82,"column":45}},{"start":{"line":84,"column":16},"end":{"line":84,"column":71}}],"line":81},"9":{"loc":{"start":{"line":81,"column":16},"end":{"line":81,"column":46}},"type":"binary-expr","locations":[{"start":{"line":81,"column":16},"end":{"line":81,"column":22}},{"start":{"line":81,"column":26},"end":{"line":81,"column":46}}],"line":81}},"s":{"0":2,"1":3,"2":3,"3":3,"4":3,"5":0,"6":0,"7":0,"8":3,"9":3,"10":0,"11":0,"12":0,"13":0,"14":0,"15":0,"16":3,"17":3,"18":0,"19":2,"20":6,"21":6,"22":0,"23":6,"24":2,"25":2,"26":6,"27":0,"28":2,"29":2},"f":{"0":3,"1":3,"2":3,"3":0,"4":0,"5":0,"6":6,"7":0,"8":2,"9":0,"10":2},"b":{"0":[0,3],"1":[3,3],"2":[0,3],"3":[3,3,3],"4":[0,0],"5":[3,3],"6":[0,6],"7":[6,2],"8":[2,4],"9":[6,2]},"_coverageSchema":"1a1c01bbd47fc00a2c39e90264f33305004495a9","hash":"c3fb00d6e6c631b8405221b1fc3a2f23e17cdd0a"}
,"C:\\Users\\79282\\WebstormProjects\\P2P-Messenger-frontend\\src\\pages\\auth\\Login.js": {"path":"C:\\Users\\79282\\WebstormProjects\\P2P-Messenger-frontend\\src\\pages\\auth\\Login.js","statementMap":{"0":{"start":{"line":9,"column":8},"end":{"line":9,"column":16}},"1":{"start":{"line":10,"column":8},"end":{"line":16,"column":10}},"2":{"start":{"line":17,"column":8},"end":{"line":17,"column":57}},"3":{"start":{"line":18,"column":8},"end":{"line":18,"column":63}},"4":{"start":{"line":19,"column":8},"end":{"line":19,"column":61}},"5":{"start":{"line":20,"column":8},"end":{"line":20,"column":61}},"6":{"start":{"line":24,"column":25},"end":{"line":24,"column":39}},"7":{"start":{"line":25,"column":8},"end":{"line":28,"column":11}},"8":{"start":{"line":32,"column":25},"end":{"line":32,"column":39}},"9":{"start":{"line":33,"column":8},"end":{"line":36,"column":11}},"10":{"start":{"line":41,"column":8},"end":{"line":41,"column":27}},"11":{"start":{"line":42,"column":8},"end":{"line":42,"column":41}},"12":{"start":{"line":43,"column":8},"end":{"line":43,"column":41}},"13":{"start":{"line":44,"column":23},"end":{"line":44,"column":44}},"14":{"start":{"line":45,"column":8},"end":{"line":45,"column":55}},"15":{"start":{"line":46,"column":8},"end":{"line":46,"column":55}},"16":{"start":{"line":48,"column":21},"end":{"line":54,"column":9}},"17":{"start":{"line":55,"column":8},"end":{"line":72,"column":15}},"18":{"start":{"line":58,"column":16},"end":{"line":58,"column":56}},"19":{"start":{"line":59,"column":16},"end":{"line":65,"column":17}},"20":{"start":{"line":60,"column":20},"end":{"line":60,"column":78}},"21":{"start":{"line":61,"column":20},"end":{"line":61,"column":71}},"22":{"start":{"line":62,"column":20},"end":{"line":62,"column":54}},"23":{"start":{"line":64,"column":20},"end":{"line":64,"column":72}},"24":{"start":{"line":68,"column":16},"end":{"line":68,"column":53}},"25":{"start":{"line":69,"column":16},"end":{"line":71,"column":19}},"26":{"start":{"line":76,"column":8},"end":{"line":76,"column":54}},"27":{"start":{"line":80,"column":33},"end":{"line":92,"column":9}},"28":{"start":{"line":93,"column":68},"end":{"line":93,"column":78}},"29":{"start":{"line":94,"column":8},"end":{"line":176,"column":9}},"30":{"start":{"line":95,"column":12},"end":{"line":95,"column":50}},"31":{"start":{"line":96,"column":15},"end":{"line":176,"column":9}},"32":{"start":{"line":97,"column":12},"end":{"line":97,"column":76}},"33":{"start":{"line":99,"column":12},"end":{"line":175,"column":14}},"34":{"start":{"line":129,"column":53},"end":{"line":129,"column":75}},"35":{"start":{"line":140,"column":53},"end":{"line":140,"column":75}}},"fnMap":{"0":{"name":"(anonymous_0)","decl":{"start":{"line":8,"column":4},"end":{"line":8,"column":5}},"loc":{"start":{"line":8,"column":18},"end":{"line":21,"column":5}},"line":8},"1":{"name":"(anonymous_1)","decl":{"start":{"line":23,"column":4},"end":{"line":23,"column":5}},"loc":{"start":{"line":23,"column":22},"end":{"line":29,"column":5}},"line":23},"2":{"name":"(anonymous_2)","decl":{"start":{"line":31,"column":4},"end":{"line":31,"column":5}},"loc":{"start":{"line":31,"column":22},"end":{"line":37,"column":5}},"line":31},"3":{"name":"(anonymous_3)","decl":{"start":{"line":39,"column":4},"end":{"line":39,"column":5}},"loc":{"start":{"line":39,"column":20},"end":{"line":73,"column":5}},"line":39},"4":{"name":"(anonymous_4)","decl":{"start":{"line":57,"column":18},"end":{"line":57,"column":19}},"loc":{"start":{"line":57,"column":32},"end":{"line":66,"column":13}},"line":57},"5":{"name":"(anonymous_5)","decl":{"start":{"line":67,"column":19},"end":{"line":67,"column":20}},"loc":{"start":{"line":67,"column":28},"end":{"line":72,"column":13}},"line":67},"6":{"name":"(anonymous_6)","decl":{"start":{"line":75,"column":4},"end":{"line":75,"column":5}},"loc":{"start":{"line":75,"column":23},"end":{"line":77,"column":5}},"line":75},"7":{"name":"(anonymous_7)","decl":{"start":{"line":79,"column":4},"end":{"line":79,"column":5}},"loc":{"start":{"line":79,"column":13},"end":{"line":177,"column":5}},"line":79},"8":{"name":"(anonymous_8)","decl":{"start":{"line":129,"column":46},"end":{"line":129,"column":47}},"loc":{"start":{"line":129,"column":53},"end":{"line":129,"column":75}},"line":129},"9":{"name":"(anonymous_9)","decl":{"start":{"line":140,"column":46},"end":{"line":140,"column":47}},"loc":{"start":{"line":140,"column":53},"end":{"line":140,"column":75}},"line":140}},"branchMap":{"0":{"loc":{"start":{"line":27,"column":25},"end":{"line":27,"column":56}},"type":"binary-expr","locations":[{"start":{"line":27,"column":25},"end":{"line":27,"column":33}},{"start":{"line":27,"column":37},"end":{"line":27,"column":56}}],"line":27},"1":{"loc":{"start":{"line":35,"column":25},"end":{"line":35,"column":56}},"type":"binary-expr","locations":[{"start":{"line":35,"column":25},"end":{"line":35,"column":44}},{"start":{"line":35,"column":48},"end":{"line":35,"column":56}}],"line":35},"2":{"loc":{"start":{"line":59,"column":16},"end":{"line":65,"column":17}},"type":"if","locations":[{"start":{"line":59,"column":16},"end":{"line":65,"column":17}},{"start":{"line":63,"column":23},"end":{"line":65,"column":17}}],"line":59},"3":{"loc":{"start":{"line":94,"column":8},"end":{"line":176,"column":9}},"type":"if","locations":[{"start":{"line":94,"column":8},"end":{"line":176,"column":9}},{"start":{"line":96,"column":15},"end":{"line":176,"column":9}}],"line":94},"4":{"loc":{"start":{"line":96,"column":15},"end":{"line":176,"column":9}},"type":"if","locations":[{"start":{"line":96,"column":15},"end":{"line":176,"column":9}},{"start":{"line":98,"column":15},"end":{"line":176,"column":9}}],"line":96},"5":{"loc":{"start":{"line":171,"column":29},"end":{"line":171,"column":75}},"type":"binary-expr","locations":[{"start":{"line":171,"column":29},"end":{"line":171,"column":49}},{"start":{"line":171,"column":53},"end":{"line":171,"column":75}}],"line":171}},"s":{"0":9,"1":9,"2":9,"3":9,"4":9,"5":9,"6":4,"7":4,"8":4,"9":4,"10":4,"11":4,"12":4,"13":4,"14":4,"15":4,"16":4,"17":4,"18":2,"19":2,"20":1,"21":1,"22":1,"23":1,"24":2,"25":2,"26":0,"27":21,"28":21,"29":21,"30":0,"31":21,"32":1,"33":20,"34":4,"35":4},"f":{"0":9,"1":4,"2":4,"3":4,"4":2,"5":2,"6":0,"7":21,"8":4,"9":4},"b":{"0":[4,4],"1":[4,3],"2":[1,1],"3":[0,21],"4":[1,20],"5":[20,3]},"_coverageSchema":"1a1c01bbd47fc00a2c39e90264f33305004495a9","hash":"69ea833f4e9d6ffe686e7c0b18b15077c6f61211"}
,"C:\\Users\\79282\\WebstormProjects\\P2P-Messenger-frontend\\src\\pages\\auth\\Logout.js": {"path":"C:\\Users\\79282\\WebstormProjects\\P2P-Messenger-frontend\\src\\pages\\auth\\Logout.js","statementMap":{"0":{"start":{"line":6,"column":8},"end":{"line":6,"column":16}},"1":{"start":{"line":7,"column":8},"end":{"line":9,"column":10}},"2":{"start":{"line":10,"column":8},"end":{"line":10,"column":59}},"3":{"start":{"line":14,"column":8},"end":{"line":14,"column":29}},"4":{"start":{"line":18,"column":8},"end":{"line":18,"column":29}},"5":{"start":{"line":19,"column":8},"end":{"line":19,"column":42}},"6":{"start":{"line":23,"column":29},"end":{"line":23,"column":39}},"7":{"start":{"line":25,"column":8},"end":{"line":27,"column":9}},"8":{"start":{"line":26,"column":12},"end":{"line":26,"column":49}},"9":{"start":{"line":29,"column":8},"end":{"line":29,"column":41}}},"fnMap":{"0":{"name":"(anonymous_0)","decl":{"start":{"line":5,"column":4},"end":{"line":5,"column":5}},"loc":{"start":{"line":5,"column":18},"end":{"line":11,"column":5}},"line":5},"1":{"name":"(anonymous_1)","decl":{"start":{"line":13,"column":4},"end":{"line":13,"column":5}},"loc":{"start":{"line":13,"column":24},"end":{"line":15,"column":5}},"line":13},"2":{"name":"(anonymous_2)","decl":{"start":{"line":17,"column":4},"end":{"line":17,"column":5}},"loc":{"start":{"line":17,"column":20},"end":{"line":20,"column":5}},"line":17},"3":{"name":"(anonymous_3)","decl":{"start":{"line":22,"column":4},"end":{"line":22,"column":5}},"loc":{"start":{"line":22,"column":13},"end":{"line":30,"column":5}},"line":22}},"branchMap":{"0":{"loc":{"start":{"line":25,"column":8},"end":{"line":27,"column":9}},"type":"if","locations":[{"start":{"line":25,"column":8},"end":{"line":27,"column":9}},{"start":{},"end":{}}],"line":25}},"s":{"0":1,"1":1,"2":1,"3":1,"4":1,"5":1,"6":2,"7":2,"8":1,"9":1},"f":{"0":1,"1":1,"2":1,"3":2},"b":{"0":[1,1]},"_coverageSchema":"1a1c01bbd47fc00a2c39e90264f33305004495a9","hash":"81398db175bc5748d325b6069e465ecada7d41f8"}
,"C:\\Users\\79282\\WebstormProjects\\P2P-Messenger-frontend\\src\\pages\\auth\\Registration.js": {"path":"C:\\Users\\79282\\WebstormProjects\\P2P-Messenger-frontend\\src\\pages\\auth\\Registration.js","statementMap":{"0":{"start":{"line":9,"column":8},"end":{"line":9,"column":16}},"1":{"start":{"line":10,"column":8},"end":{"line":19,"column":10}},"2":{"start":{"line":20,"column":8},"end":{"line":20,"column":63}},"3":{"start":{"line":21,"column":8},"end":{"line":21,"column":55}},"4":{"start":{"line":22,"column":8},"end":{"line":22,"column":61}},"5":{"start":{"line":23,"column":8},"end":{"line":23,"column":61}},"6":{"start":{"line":26,"column":18},"end":{"line":35,"column":5}},"7":{"start":{"line":27,"column":8},"end":{"line":34,"column":11}},"8":{"start":{"line":38,"column":22},"end":{"line":38,"column":36}},"9":{"start":{"line":39,"column":27},"end":{"line":39,"column":65}},"10":{"start":{"line":40,"column":29},"end":{"line":40,"column":51}},"11":{"start":{"line":42,"column":8},"end":{"line":46,"column":30}},"12":{"start":{"line":50,"column":25},"end":{"line":50,"column":39}},"13":{"start":{"line":51,"column":32},"end":{"line":51,"column":74}},"14":{"start":{"line":52,"column":32},"end":{"line":52,"column":62}},"15":{"start":{"line":54,"column":8},"end":{"line":58,"column":30}},"16":{"start":{"line":62,"column":25},"end":{"line":62,"column":39}},"17":{"start":{"line":63,"column":32},"end":{"line":63,"column":83}},"18":{"start":{"line":64,"column":32},"end":{"line":64,"column":62}},"19":{"start":{"line":66,"column":8},"end":{"line":70,"column":30}},"20":{"start":{"line":74,"column":67},"end":{"line":74,"column":77}},"21":{"start":{"line":75,"column":28},"end":{"line":75,"column":78}},"22":{"start":{"line":77,"column":8},"end":{"line":79,"column":11}},"23":{"start":{"line":83,"column":67},"end":{"line":83,"column":77}},"24":{"start":{"line":85,"column":8},"end":{"line":121,"column":9}},"25":{"start":{"line":87,"column":12},"end":{"line":117,"column":19}},"26":{"start":{"line":101,"column":20},"end":{"line":104,"column":21}},"27":{"start":{"line":102,"column":24},"end":{"line":102,"column":64}},"28":{"start":{"line":103,"column":24},"end":{"line":103,"column":44}},"29":{"start":{"line":108,"column":20},"end":{"line":116,"column":21}},"30":{"start":{"line":109,"column":24},"end":{"line":109,"column":57}},"31":{"start":{"line":110,"column":24},"end":{"line":112,"column":25}},"32":{"start":{"line":111,"column":28},"end":{"line":111,"column":103}},"33":{"start":{"line":114,"column":24},"end":{"line":114,"column":43}},"34":{"start":{"line":115,"column":24},"end":{"line":115,"column":89}},"35":{"start":{"line":120,"column":12},"end":{"line":120,"column":99}},"36":{"start":{"line":126,"column":28},"end":{"line":126,"column":49}},"37":{"start":{"line":127,"column":8},"end":{"line":127,"column":60}},"38":{"start":{"line":128,"column":8},"end":{"line":128,"column":60}},"39":{"start":{"line":129,"column":26},"end":{"line":135,"column":9}},"40":{"start":{"line":136,"column":8},"end":{"line":150,"column":15}},"41":{"start":{"line":138,"column":16},"end":{"line":138,"column":61}},"42":{"start":{"line":139,"column":16},"end":{"line":143,"column":17}},"43":{"start":{"line":140,"column":20},"end":{"line":140,"column":83}},"44":{"start":{"line":141,"column":20},"end":{"line":141,"column":71}},"45":{"start":{"line":142,"column":20},"end":{"line":142,"column":56}},"46":{"start":{"line":146,"column":16},"end":{"line":146,"column":58}},"47":{"start":{"line":147,"column":16},"end":{"line":149,"column":19}},"48":{"start":{"line":154,"column":33},"end":{"line":166,"column":9}},"49":{"start":{"line":167,"column":62},"end":{"line":167,"column":72}},"50":{"start":{"line":168,"column":8},"end":{"line":255,"column":9}},"51":{"start":{"line":169,"column":12},"end":{"line":169,"column":48}},"52":{"start":{"line":171,"column":12},"end":{"line":254,"column":20}},"53":{"start":{"line":200,"column":49},"end":{"line":200,"column":68}},"54":{"start":{"line":211,"column":49},"end":{"line":211,"column":71}},"55":{"start":{"line":222,"column":49},"end":{"line":222,"column":71}}},"fnMap":{"0":{"name":"(anonymous_0)","decl":{"start":{"line":8,"column":4},"end":{"line":8,"column":5}},"loc":{"start":{"line":8,"column":18},"end":{"line":24,"column":5}},"line":8},"1":{"name":"(anonymous_1)","decl":{"start":{"line":26,"column":18},"end":{"line":26,"column":19}},"loc":{"start":{"line":26,"column":24},"end":{"line":35,"column":5}},"line":26},"2":{"name":"(anonymous_2)","decl":{"start":{"line":37,"column":4},"end":{"line":37,"column":5}},"loc":{"start":{"line":37,"column":19},"end":{"line":47,"column":5}},"line":37},"3":{"name":"(anonymous_3)","decl":{"start":{"line":49,"column":4},"end":{"line":49,"column":5}},"loc":{"start":{"line":49,"column":22},"end":{"line":59,"column":5}},"line":49},"4":{"name":"(anonymous_4)","decl":{"start":{"line":61,"column":4},"end":{"line":61,"column":5}},"loc":{"start":{"line":61,"column":22},"end":{"line":71,"column":5}},"line":61},"5":{"name":"(anonymous_5)","decl":{"start":{"line":73,"column":4},"end":{"line":73,"column":5}},"loc":{"start":{"line":73,"column":19},"end":{"line":80,"column":5}},"line":73},"6":{"name":"(anonymous_6)","decl":{"start":{"line":82,"column":4},"end":{"line":82,"column":5}},"loc":{"start":{"line":82,"column":22},"end":{"line":122,"column":5}},"line":82},"7":{"name":"(anonymous_7)","decl":{"start":{"line":100,"column":22},"end":{"line":100,"column":23}},"loc":{"start":{"line":100,"column":36},"end":{"line":105,"column":17}},"line":100},"8":{"name":"(anonymous_8)","decl":{"start":{"line":106,"column":23},"end":{"line":106,"column":24}},"loc":{"start":{"line":106,"column":34},"end":{"line":117,"column":17}},"line":106},"9":{"name":"(anonymous_9)","decl":{"start":{"line":125,"column":4},"end":{"line":125,"column":5}},"loc":{"start":{"line":125,"column":19},"end":{"line":151,"column":5}},"line":125},"10":{"name":"(anonymous_10)","decl":{"start":{"line":137,"column":18},"end":{"line":137,"column":19}},"loc":{"start":{"line":137,"column":37},"end":{"line":144,"column":13}},"line":137},"11":{"name":"(anonymous_11)","decl":{"start":{"line":145,"column":19},"end":{"line":145,"column":20}},"loc":{"start":{"line":145,"column":33},"end":{"line":150,"column":13}},"line":145},"12":{"name":"(anonymous_12)","decl":{"start":{"line":153,"column":4},"end":{"line":153,"column":5}},"loc":{"start":{"line":153,"column":13},"end":{"line":256,"column":5}},"line":153},"13":{"name":"(anonymous_13)","decl":{"start":{"line":200,"column":42},"end":{"line":200,"column":43}},"loc":{"start":{"line":200,"column":49},"end":{"line":200,"column":68}},"line":200},"14":{"name":"(anonymous_14)","decl":{"start":{"line":211,"column":42},"end":{"line":211,"column":43}},"loc":{"start":{"line":211,"column":49},"end":{"line":211,"column":71}},"line":211},"15":{"name":"(anonymous_15)","decl":{"start":{"line":222,"column":42},"end":{"line":222,"column":43}},"loc":{"start":{"line":222,"column":49},"end":{"line":222,"column":71}},"line":222}},"branchMap":{"0":{"loc":{"start":{"line":45,"column":27},"end":{"line":45,"column":74}},"type":"cond-expr","locations":[{"start":{"line":45,"column":42},"end":{"line":45,"column":44}},{"start":{"line":45,"column":47},"end":{"line":45,"column":74}}],"line":45},"1":{"loc":{"start":{"line":57,"column":27},"end":{"line":57,"column":138}},"type":"cond-expr","locations":[{"start":{"line":57,"column":45},"end":{"line":57,"column":47}},{"start":{"line":57,"column":50},"end":{"line":57,"column":138}}],"line":57},"2":{"loc":{"start":{"line":69,"column":27},"end":{"line":69,"column":141}},"type":"cond-expr","locations":[{"start":{"line":69,"column":45},"end":{"line":69,"column":47}},{"start":{"line":69,"column":50},"end":{"line":69,"column":141}}],"line":69},"3":{"loc":{"start":{"line":75,"column":28},"end":{"line":75,"column":78}},"type":"binary-expr","locations":[{"start":{"line":75,"column":28},"end":{"line":75,"column":40}},{"start":{"line":75,"column":44},"end":{"line":75,"column":59}},{"start":{"line":75,"column":63},"end":{"line":75,"column":78}}],"line":75},"4":{"loc":{"start":{"line":85,"column":8},"end":{"line":121,"column":9}},"type":"if","locations":[{"start":{"line":85,"column":8},"end":{"line":121,"column":9}},{"start":{"line":118,"column":15},"end":{"line":121,"column":9}}],"line":85},"5":{"loc":{"start":{"line":85,"column":12},"end":{"line":85,"column":62}},"type":"binary-expr","locations":[{"start":{"line":85,"column":12},"end":{"line":85,"column":24}},{"start":{"line":85,"column":28},"end":{"line":85,"column":43}},{"start":{"line":85,"column":47},"end":{"line":85,"column":62}}],"line":85},"6":{"loc":{"start":{"line":101,"column":20},"end":{"line":104,"column":21}},"type":"if","locations":[{"start":{"line":101,"column":20},"end":{"line":104,"column":21}},{"start":{},"end":{}}],"line":101},"7":{"loc":{"start":{"line":108,"column":20},"end":{"line":116,"column":21}},"type":"if","locations":[{"start":{"line":108,"column":20},"end":{"line":116,"column":21}},{"start":{"line":113,"column":27},"end":{"line":116,"column":21}}],"line":108},"8":{"loc":{"start":{"line":108,"column":24},"end":{"line":108,"column":71}},"type":"binary-expr","locations":[{"start":{"line":108,"column":24},"end":{"line":108,"column":38}},{"start":{"line":108,"column":42},"end":{"line":108,"column":71}}],"line":108},"9":{"loc":{"start":{"line":110,"column":24},"end":{"line":112,"column":25}},"type":"if","locations":[{"start":{"line":110,"column":24},"end":{"line":112,"column":25}},{"start":{},"end":{}}],"line":110},"10":{"loc":{"start":{"line":139,"column":16},"end":{"line":143,"column":17}},"type":"if","locations":[{"start":{"line":139,"column":16},"end":{"line":143,"column":17}},{"start":{},"end":{}}],"line":139},"11":{"loc":{"start":{"line":168,"column":8},"end":{"line":255,"column":9}},"type":"if","locations":[{"start":{"line":168,"column":8},"end":{"line":255,"column":9}},{"start":{"line":170,"column":15},"end":{"line":255,"column":9}}],"line":168},"12":{"loc":{"start":{"line":168,"column":12},"end":{"line":168,"column":58}},"type":"binary-expr","locations":[{"start":{"line":168,"column":12},"end":{"line":168,"column":35}},{"start":{"line":168,"column":39},"end":{"line":168,"column":58}}],"line":168},"13":{"loc":{"start":{"line":251,"column":25},"end":{"line":251,"column":71}},"type":"binary-expr","locations":[{"start":{"line":251,"column":25},"end":{"line":251,"column":45}},{"start":{"line":251,"column":49},"end":{"line":251,"column":71}}],"line":251}},"s":{"0":9,"1":9,"2":9,"3":9,"4":9,"5":9,"6":9,"7":1,"8":5,"9":5,"10":5,"11":5,"12":5,"13":5,"14":5,"15":5,"16":5,"17":5,"18":5,"19":5,"20":15,"21":15,"22":15,"23":7,"24":7,"25":6,"26":4,"27":4,"28":4,"29":2,"30":1,"31":1,"32":1,"33":1,"34":1,"35":1,"36":4,"37":4,"38":4,"39":4,"40":4,"41":1,"42":1,"43":1,"44":1,"45":1,"46":3,"47":3,"48":55,"49":55,"50":55,"51":1,"52":54,"53":5,"54":5,"55":5},"f":{"0":9,"1":1,"2":5,"3":5,"4":5,"5":15,"6":7,"7":4,"8":2,"9":4,"10":1,"11":3,"12":55,"13":5,"14":5,"15":5},"b":{"0":[4,1],"1":[4,1],"2":[4,1],"3":[15,12,8],"4":[6,1],"5":[7,6,6],"6":[4,0],"7":[1,1],"8":[2,2],"9":[1,0],"10":[1,0],"11":[1,54],"12":[55,7],"13":[54,12]},"_coverageSchema":"1a1c01bbd47fc00a2c39e90264f33305004495a9","hash":"aa01bdc1816b8a392c92ba93a8329ac2ecae4219"}
,"C:\\Users\\79282\\WebstormProjects\\P2P-Messenger-frontend\\src\\pages\\chat\\Dashboard.js": {"path":"C:\\Users\\79282\\WebstormProjects\\P2P-Messenger-frontend\\src\\pages\\chat\\Dashboard.js","statementMap":{"0":{"start":{"line":9,"column":8},"end":{"line":9,"column":21}},"1":{"start":{"line":10,"column":8},"end":{"line":12,"column":10}},"2":{"start":{"line":16,"column":20},"end":{"line":16,"column":49}},"3":{"start":{"line":17,"column":25},"end":{"line":23,"column":10}},"4":{"start":{"line":24,"column":8},"end":{"line":32,"column":15}},"5":{"start":{"line":27,"column":16},"end":{"line":27,"column":87}},"6":{"start":{"line":30,"column":16},"end":{"line":30,"column":49}},"7":{"start":{"line":31,"column":16},"end":{"line":31,"column":67}},"8":{"start":{"line":36,"column":21},"end":{"line":38,"column":13}},"9":{"start":{"line":39,"column":42},"end":{"line":39,"column":52}},"10":{"start":{"line":40,"column":8},"end":{"line":61,"column":9}},"11":{"start":{"line":41,"column":12},"end":{"line":41,"column":41}},"12":{"start":{"line":43,"column":12},"end":{"line":60,"column":14}}},"fnMap":{"0":{"name":"(anonymous_0)","decl":{"start":{"line":8,"column":4},"end":{"line":8,"column":5}},"loc":{"start":{"line":8,"column":23},"end":{"line":13,"column":5}},"line":8},"1":{"name":"(anonymous_1)","decl":{"start":{"line":15,"column":4},"end":{"line":15,"column":5}},"loc":{"start":{"line":15,"column":24},"end":{"line":33,"column":5}},"line":15},"2":{"name":"(anonymous_2)","decl":{"start":{"line":26,"column":18},"end":{"line":26,"column":19}},"loc":{"start":{"line":26,"column":32},"end":{"line":28,"column":13}},"line":26},"3":{"name":"(anonymous_3)","decl":{"start":{"line":29,"column":19},"end":{"line":29,"column":20}},"loc":{"start":{"line":29,"column":28},"end":{"line":32,"column":13}},"line":29},"4":{"name":"(anonymous_4)","decl":{"start":{"line":35,"column":4},"end":{"line":35,"column":5}},"loc":{"start":{"line":35,"column":13},"end":{"line":62,"column":5}},"line":35}},"branchMap":{"0":{"loc":{"start":{"line":40,"column":8},"end":{"line":61,"column":9}},"type":"if","locations":[{"start":{"line":40,"column":8},"end":{"line":61,"column":9}},{"start":{"line":42,"column":15},"end":{"line":61,"column":9}}],"line":40}},"s":{"0":2,"1":2,"2":2,"3":2,"4":2,"5":1,"6":1,"7":1,"8":3,"9":3,"10":3,"11":2,"12":1},"f":{"0":2,"1":2,"2":1,"3":1,"4":3},"b":{"0":[2,1]},"_coverageSchema":"1a1c01bbd47fc00a2c39e90264f33305004495a9","hash":"fe3b1d88abcb3bc71289e1f922d24706d1d03043"}
,"C:\\Users\\79282\\WebstormProjects\\P2P-Messenger-frontend\\src\\pages\\chat\\VideoChatPage.js": {"path":"C:\\Users\\79282\\WebstormProjects\\P2P-Messenger-frontend\\src\\pages\\chat\\VideoChatPage.js","statementMap":{"0":{"start":{"line":9,"column":8},"end":{"line":9,"column":21}},"1":{"start":{"line":10,"column":8},"end":{"line":12,"column":10}},"2":{"start":{"line":16,"column":20},"end":{"line":16,"column":49}},"3":{"start":{"line":17,"column":25},"end":{"line":23,"column":10}},"4":{"start":{"line":24,"column":8},"end":{"line":32,"column":15}},"5":{"start":{"line":27,"column":16},"end":{"line":27,"column":87}},"6":{"start":{"line":30,"column":16},"end":{"line":30,"column":49}},"7":{"start":{"line":31,"column":16},"end":{"line":31,"column":67}},"8":{"start":{"line":36,"column":21},"end":{"line":40,"column":9}},"9":{"start":{"line":41,"column":42},"end":{"line":41,"column":52}},"10":{"start":{"line":43,"column":8},"end":{"line":65,"column":9}},"11":{"start":{"line":44,"column":12},"end":{"line":44,"column":41}},"12":{"start":{"line":46,"column":12},"end":{"line":64,"column":14}}},"fnMap":{"0":{"name":"(anonymous_0)","decl":{"start":{"line":8,"column":4},"end":{"line":8,"column":5}},"loc":{"start":{"line":8,"column":23},"end":{"line":13,"column":5}},"line":8},"1":{"name":"(anonymous_1)","decl":{"start":{"line":15,"column":4},"end":{"line":15,"column":5}},"loc":{"start":{"line":15,"column":24},"end":{"line":33,"column":5}},"line":15},"2":{"name":"(anonymous_2)","decl":{"start":{"line":26,"column":18},"end":{"line":26,"column":19}},"loc":{"start":{"line":26,"column":32},"end":{"line":28,"column":13}},"line":26},"3":{"name":"(anonymous_3)","decl":{"start":{"line":29,"column":19},"end":{"line":29,"column":20}},"loc":{"start":{"line":29,"column":28},"end":{"line":32,"column":13}},"line":29},"4":{"name":"(anonymous_4)","decl":{"start":{"line":35,"column":4},"end":{"line":35,"column":5}},"loc":{"start":{"line":35,"column":13},"end":{"line":66,"column":5}},"line":35}},"branchMap":{"0":{"loc":{"start":{"line":43,"column":8},"end":{"line":65,"column":9}},"type":"if","locations":[{"start":{"line":43,"column":8},"end":{"line":65,"column":9}},{"start":{"line":45,"column":15},"end":{"line":65,"column":9}}],"line":43}},"s":{"0":2,"1":2,"2":3,"3":3,"4":3,"5":2,"6":1,"7":1,"8":4,"9":4,"10":4,"11":2,"12":2},"f":{"0":2,"1":3,"2":2,"3":1,"4":4},"b":{"0":[2,2]},"_coverageSchema":"1a1c01bbd47fc00a2c39e90264f33305004495a9","hash":"26599d5bc75a50451d0b8e336132a718614590db"}
,"C:\\Users\\79282\\WebstormProjects\\P2P-Messenger-frontend\\src\\pages\\nav\\Favorites.js": {"path":"C:\\Users\\79282\\WebstormProjects\\P2P-Messenger-frontend\\src\\pages\\nav\\Favorites.js","statementMap":{"0":{"start":{"line":14,"column":8},"end":{"line":14,"column":21}},"1":{"start":{"line":15,"column":8},"end":{"line":25,"column":10}},"2":{"start":{"line":26,"column":8},"end":{"line":26,"column":59}},"3":{"start":{"line":27,"column":8},"end":{"line":27,"column":61}},"4":{"start":{"line":28,"column":8},"end":{"line":28,"column":49}},"5":{"start":{"line":29,"column":8},"end":{"line":29,"column":57}},"6":{"start":{"line":31,"column":8},"end":{"line":31,"column":55}},"7":{"start":{"line":32,"column":8},"end":{"line":32,"column":61}},"8":{"start":{"line":34,"column":8},"end":{"line":34,"column":55}},"9":{"start":{"line":38,"column":20},"end":{"line":38,"column":49}},"10":{"start":{"line":39,"column":25},"end":{"line":45,"column":10}},"11":{"start":{"line":47,"column":8},"end":{"line":54,"column":15}},"12":{"start":{"line":50,"column":16},"end":{"line":50,"column":56}},"13":{"start":{"line":53,"column":16},"end":{"line":53,"column":62}},"14":{"start":{"line":58,"column":8},"end":{"line":58,"column":44}},"15":{"start":{"line":59,"column":8},"end":{"line":59,"column":33}},"16":{"start":{"line":60,"column":8},"end":{"line":60,"column":26}},"17":{"start":{"line":61,"column":8},"end":{"line":61,"column":44}},"18":{"start":{"line":65,"column":8},"end":{"line":65,"column":44}},"19":{"start":{"line":66,"column":8},"end":{"line":71,"column":9}},"20":{"start":{"line":67,"column":12},"end":{"line":67,"column":37}},"21":{"start":{"line":68,"column":12},"end":{"line":68,"column":30}},"22":{"start":{"line":70,"column":12},"end":{"line":70,"column":31}},"23":{"start":{"line":75,"column":8},"end":{"line":75,"column":27}},"24":{"start":{"line":76,"column":24},"end":{"line":76,"column":29}},"25":{"start":{"line":77,"column":8},"end":{"line":79,"column":9}},"26":{"start":{"line":78,"column":12},"end":{"line":78,"column":29}},"27":{"start":{"line":80,"column":19},"end":{"line":83,"column":9}},"28":{"start":{"line":84,"column":20},"end":{"line":84,"column":49}},"29":{"start":{"line":85,"column":25},"end":{"line":92,"column":10}},"30":{"start":{"line":93,"column":8},"end":{"line":107,"column":15}},"31":{"start":{"line":96,"column":37},"end":{"line":96,"column":53}},"32":{"start":{"line":97,"column":16},"end":{"line":101,"column":19}},"33":{"start":{"line":98,"column":20},"end":{"line":100,"column":21}},"34":{"start":{"line":99,"column":24},"end":{"line":99,"column":61}},"35":{"start":{"line":102,"column":16},"end":{"line":102,"column":53}},"36":{"start":{"line":105,"column":16},"end":{"line":105,"column":49}},"37":{"start":{"line":106,"column":16},"end":{"line":106,"column":68}},"38":{"start":{"line":111,"column":8},"end":{"line":111,"column":27}},"39":{"start":{"line":112,"column":20},"end":{"line":112,"column":49}},"40":{"start":{"line":113,"column":25},"end":{"line":120,"column":10}},"41":{"start":{"line":123,"column":29},"end":{"line":123,"column":90}},"42":{"start":{"line":123,"column":61},"end":{"line":123,"column":89}},"43":{"start":{"line":126,"column":8},"end":{"line":126,"column":47}},"44":{"start":{"line":128,"column":8},"end":{"line":135,"column":15}},"45":{"start":{"line":130,"column":16},"end":{"line":130,"column":43}},"46":{"start":{"line":131,"column":16},"end":{"line":131,"column":33}},"47":{"start":{"line":134,"column":16},"end":{"line":134,"column":61}},"48":{"start":{"line":140,"column":8},"end":{"line":140,"column":56}},"49":{"start":{"line":144,"column":8},"end":{"line":144,"column":59}},"50":{"start":{"line":149,"column":8},"end":{"line":149,"column":66}},"51":{"start":{"line":152,"column":21},"end":{"line":159,"column":5}},"52":{"start":{"line":154,"column":8},"end":{"line":158,"column":9}},"53":{"start":{"line":157,"column":12},"end":{"line":157,"column":42}},"54":{"start":{"line":162,"column":25},"end":{"line":162,"column":61}},"55":{"start":{"line":163,"column":8},"end":{"line":166,"column":9}},"56":{"start":{"line":164,"column":12},"end":{"line":164,"column":60}},"57":{"start":{"line":165,"column":12},"end":{"line":165,"column":19}},"58":{"start":{"line":168,"column":8},"end":{"line":171,"column":9}},"59":{"start":{"line":169,"column":12},"end":{"line":169,"column":66}},"60":{"start":{"line":170,"column":12},"end":{"line":170,"column":19}},"61":{"start":{"line":173,"column":20},"end":{"line":173,"column":49}},"62":{"start":{"line":174,"column":25},"end":{"line":181,"column":10}},"63":{"start":{"line":182,"column":8},"end":{"line":189,"column":15}},"64":{"start":{"line":184,"column":16},"end":{"line":184,"column":43}},"65":{"start":{"line":185,"column":16},"end":{"line":185,"column":56}},"66":{"start":{"line":188,"column":16},"end":{"line":188,"column":61}},"67":{"start":{"line":193,"column":8},"end":{"line":193,"column":27}},"68":{"start":{"line":194,"column":24},"end":{"line":194,"column":51}},"69":{"start":{"line":195,"column":20},"end":{"line":195,"column":49}},"70":{"start":{"line":196,"column":25},"end":{"line":203,"column":10}},"71":{"start":{"line":204,"column":8},"end":{"line":216,"column":15}},"72":{"start":{"line":207,"column":16},"end":{"line":210,"column":17}},"73":{"start":{"line":209,"column":20},"end":{"line":209,"column":72}},"74":{"start":{"line":211,"column":16},"end":{"line":211,"column":43}},"75":{"start":{"line":214,"column":16},"end":{"line":214,"column":49}},"76":{"start":{"line":215,"column":16},"end":{"line":215,"column":68}},"77":{"start":{"line":223,"column":20},"end":{"line":223,"column":49}},"78":{"start":{"line":224,"column":25},"end":{"line":230,"column":10}},"79":{"start":{"line":231,"column":8},"end":{"line":252,"column":15}},"80":{"start":{"line":234,"column":16},"end":{"line":237,"column":19}},"81":{"start":{"line":238,"column":16},"end":{"line":247,"column":23}},"82":{"start":{"line":241,"column":24},"end":{"line":241,"column":64}},"83":{"start":{"line":245,"column":24},"end":{"line":245,"column":57}},"84":{"start":{"line":246,"column":24},"end":{"line":246,"column":70}},"85":{"start":{"line":250,"column":16},"end":{"line":250,"column":49}},"86":{"start":{"line":251,"column":16},"end":{"line":251,"column":67}},"87":{"start":{"line":257,"column":33},"end":{"line":269,"column":9}},"88":{"start":{"line":270,"column":39},"end":{"line":270,"column":49}},"89":{"start":{"line":271,"column":8},"end":{"line":410,"column":9}},"90":{"start":{"line":272,"column":12},"end":{"line":272,"column":65}},"91":{"start":{"line":274,"column":12},"end":{"line":409,"column":14}},"92":{"start":{"line":308,"column":52},"end":{"line":308,"column":74}},"93":{"start":{"line":318,"column":52},"end":{"line":318,"column":74}},"94":{"start":{"line":326,"column":36},"end":{"line":383,"column":37}},"95":{"start":{"line":327,"column":40},"end":{"line":368,"column":41}},"96":{"start":{"line":328,"column":44},"end":{"line":351,"column":46}},"97":{"start":{"line":333,"column":72},"end":{"line":333,"column":95}},"98":{"start":{"line":337,"column":60},"end":{"line":337,"column":98}},"99":{"start":{"line":347,"column":60},"end":{"line":347,"column":102}},"100":{"start":{"line":353,"column":44},"end":{"line":367,"column":46}},"101":{"start":{"line":358,"column":72},"end":{"line":358,"column":95}},"102":{"start":{"line":362,"column":60},"end":{"line":362,"column":98}},"103":{"start":{"line":370,"column":40},"end":{"line":382,"column":42}},"104":{"start":{"line":375,"column":68},"end":{"line":375,"column":91}},"105":{"start":{"line":378,"column":69},"end":{"line":378,"column":104}}},"fnMap":{"0":{"name":"(anonymous_0)","decl":{"start":{"line":13,"column":4},"end":{"line":13,"column":5}},"loc":{"start":{"line":13,"column":23},"end":{"line":35,"column":5}},"line":13},"1":{"name":"(anonymous_1)","decl":{"start":{"line":37,"column":4},"end":{"line":37,"column":5}},"loc":{"start":{"line":37,"column":17},"end":{"line":55,"column":5}},"line":37},"2":{"name":"(anonymous_2)","decl":{"start":{"line":49,"column":18},"end":{"line":49,"column":19}},"loc":{"start":{"line":49,"column":32},"end":{"line":51,"column":13}},"line":49},"3":{"name":"(anonymous_3)","decl":{"start":{"line":52,"column":19},"end":{"line":52,"column":20}},"loc":{"start":{"line":52,"column":28},"end":{"line":54,"column":13}},"line":52},"4":{"name":"(anonymous_4)","decl":{"start":{"line":57,"column":4},"end":{"line":57,"column":5}},"loc":{"start":{"line":57,"column":15},"end":{"line":62,"column":5}},"line":57},"5":{"name":"(anonymous_5)","decl":{"start":{"line":64,"column":4},"end":{"line":64,"column":5}},"loc":{"start":{"line":64,"column":19},"end":{"line":72,"column":5}},"line":64},"6":{"name":"(anonymous_6)","decl":{"start":{"line":74,"column":4},"end":{"line":74,"column":5}},"loc":{"start":{"line":74,"column":48},"end":{"line":108,"column":5}},"line":74},"7":{"name":"(anonymous_7)","decl":{"start":{"line":95,"column":18},"end":{"line":95,"column":19}},"loc":{"start":{"line":95,"column":32},"end":{"line":103,"column":13}},"line":95},"8":{"name":"(anonymous_8)","decl":{"start":{"line":97,"column":37},"end":{"line":97,"column":38}},"loc":{"start":{"line":97,"column":45},"end":{"line":101,"column":17}},"line":97},"9":{"name":"(anonymous_9)","decl":{"start":{"line":104,"column":19},"end":{"line":104,"column":20}},"loc":{"start":{"line":104,"column":28},"end":{"line":107,"column":13}},"line":104},"10":{"name":"(anonymous_10)","decl":{"start":{"line":110,"column":4},"end":{"line":110,"column":5}},"loc":{"start":{"line":110,"column":37},"end":{"line":136,"column":5}},"line":110},"11":{"name":"(anonymous_11)","decl":{"start":{"line":123,"column":53},"end":{"line":123,"column":54}},"loc":{"start":{"line":123,"column":61},"end":{"line":123,"column":89}},"line":123},"12":{"name":"(anonymous_12)","decl":{"start":{"line":129,"column":18},"end":{"line":129,"column":19}},"loc":{"start":{"line":129,"column":24},"end":{"line":132,"column":13}},"line":129},"13":{"name":"(anonymous_13)","decl":{"start":{"line":133,"column":19},"end":{"line":133,"column":20}},"loc":{"start":{"line":133,"column":30},"end":{"line":135,"column":13}},"line":133},"14":{"name":"(anonymous_14)","decl":{"start":{"line":139,"column":4},"end":{"line":139,"column":5}},"loc":{"start":{"line":139,"column":30},"end":{"line":141,"column":5}},"line":139},"15":{"name":"(anonymous_15)","decl":{"start":{"line":143,"column":4},"end":{"line":143,"column":5}},"loc":{"start":{"line":143,"column":33},"end":{"line":145,"column":5}},"line":143},"16":{"name":"(anonymous_16)","decl":{"start":{"line":147,"column":4},"end":{"line":147,"column":5}},"loc":{"start":{"line":147,"column":25},"end":{"line":150,"column":5}},"line":147},"17":{"name":"(anonymous_17)","decl":{"start":{"line":152,"column":21},"end":{"line":152,"column":22}},"
[...]
},"type":"binary-expr","locations":[{"start":{"line":294,"column":12},"end":{"line":294,"column":19}},{"start":{"line":294,"column":23},"end":{"line":294,"column":41}}],"line":294},"11":{"loc":{"start":{"line":382,"column":36},"end":{"line":412,"column":37}},"type":"if","locations":[{"start":{"line":382,"column":36},"end":{"line":412,"column":37}},{"start":{"line":398,"column":43},"end":{"line":412,"column":37}}],"line":382},"12":{"loc":{"start":{"line":415,"column":37},"end":{"line":415,"column":81}},"type":"binary-expr","locations":[{"start":{"line":415,"column":37},"end":{"line":415,"column":56}},{"start":{"line":415,"column":60},"end":{"line":415,"column":81}}],"line":415}},"s":{"0":18,"1":18,"2":18,"3":18,"4":18,"5":18,"6":18,"7":18,"8":3,"9":3,"10":3,"11":2,"12":3,"13":3,"14":3,"15":3,"16":2,"17":2,"18":2,"19":2,"20":2,"21":2,"22":2,"23":2,"24":1,"25":1,"26":2,"27":1,"28":1,"29":1,"30":1,"31":1,"32":2,"33":2,"34":1,"35":1,"36":1,"37":2,"38":2,"39":2,"40":2,"41":0,"42":2,"43":0,"44":5,"45":5,"46":2,"47":2,"48":2,"49":3,"50":1,"51":1,"52":1,"53":2,"54":2,"55":2,"56":2,"57":1,"58":1,"59":1,"60":1,"61":1,"62":1,"63":1,"64":3,"65":3,"66":1,"67":1,"68":2,"69":1,"70":1,"71":1,"72":1,"73":1,"74":1,"75":1,"76":0,"77":1,"78":1,"79":1,"80":1,"81":1,"82":1,"83":1,"84":1,"85":1,"86":0,"87":0,"88":18,"89":18,"90":18,"91":3,"92":3,"93":3,"94":3,"95":3,"96":3,"97":3,"98":2,"99":2,"100":1,"101":1,"102":15,"103":15,"104":50,"105":50,"106":50,"107":50,"108":2,"109":48,"110":0,"111":1,"112":20,"113":6,"114":0,"115":0,"116":14,"117":1,"118":0},"f":{"0":18,"1":3,"2":2,"3":2,"4":1,"5":2,"6":1,"7":1,"8":2,"9":2,"10":2,"11":0,"12":2,"13":0,"14":5,"15":1,"16":1,"17":3,"18":1,"19":0,"20":1,"21":1,"22":0,"23":18,"24":3,"25":2,"26":1,"27":15,"28":50,"29":0,"30":1,"31":20,"32":0,"33":0,"34":1,"35":0},"b":{"0":[2,1],"1":[2,0],"2":[1,1],"3":[2,3],"4":[1,2],"5":[1,0],"6":[1,2],"7":[1,1],"8":[1,0],"9":[2,48],"10":[50,2],"11":[6,14],"12":[48,4]},"_coverageSchema":"1a1c01bbd47fc00a2c39e90264f33305004495a9","hash":"23c9e1e574fc2acbd669a0b338f23dc35f546ffa"}
,"C:\\Users\\79282\\WebstormProjects\\P2P-Messenger-frontend\\src\\pages\\nav\\Profile.js": {"path":"C:\\Users\\79282\\WebstormProjects\\P2P-Messenger-frontend\\src\\pages\\nav\\Profile.js","statementMap":{"0":{"start":{"line":9,"column":8},"end":{"line":9,"column":21}},"1":{"start":{"line":10,"column":8},"end":{"line":23,"column":10}},"2":{"start":{"line":24,"column":8},"end":{"line":24,"column":65}},"3":{"start":{"line":25,"column":8},"end":{"line":25,"column":59}},"4":{"start":{"line":26,"column":8},"end":{"line":26,"column":65}},"5":{"start":{"line":27,"column":8},"end":{"line":27,"column":61}},"6":{"start":{"line":28,"column":8},"end":{"line":28,"column":55}},"7":{"start":{"line":29,"column":8},"end":{"line":29,"column":61}},"8":{"start":{"line":30,"column":8},"end":{"line":30,"column":61}},"9":{"start":{"line":31,"column":8},"end":{"line":31,"column":73}},"10":{"start":{"line":32,"column":8},"end":{"line":32,"column":65}},"11":{"start":{"line":33,"column":8},"end":{"line":33,"column":67}},"12":{"start":{"line":34,"column":8},"end":{"line":34,"column":63}},"13":{"start":{"line":38,"column":8},"end":{"line":38,"column":27}},"14":{"start":{"line":39,"column":26},"end":{"line":39,"column":40}},"15":{"start":{"line":40,"column":8},"end":{"line":40,"column":37}},"16":{"start":{"line":44,"column":8},"end":{"line":44,"column":27}},"17":{"start":{"line":45,"column":27},"end":{"line":45,"column":41}},"18":{"start":{"line":46,"column":8},"end":{"line":46,"column":38}},"19":{"start":{"line":50,"column":8},"end":{"line":50,"column":27}},"20":{"start":{"line":51,"column":24},"end":{"line":51,"column":38}},"21":{"start":{"line":52,"column":8},"end":{"line":52,"column":35}},"22":{"start":{"line":56,"column":8},"end":{"line":56,"column":27}},"23":{"start":{"line":57,"column":29},"end":{"line":57,"column":43}},"24":{"start":{"line":60,"column":8},"end":{"line":63,"column":11}},"25":{"start":{"line":65,"column":24},"end":{"line":65,"column":66}},"26":{"start":{"line":67,"column":8},"end":{"line":73,"column":9}},"27":{"start":{"line":72,"column":12},"end":{"line":72,"column":44}},"28":{"start":{"line":77,"column":8},"end":{"line":77,"column":27}},"29":{"start":{"line":78,"column":26},"end":{"line":78,"column":40}},"30":{"start":{"line":81,"column":8},"end":{"line":84,"column":11}},"31":{"start":{"line":86,"column":24},"end":{"line":86,"column":62}},"32":{"start":{"line":88,"column":8},"end":{"line":92,"column":9}},"33":{"start":{"line":91,"column":12},"end":{"line":91,"column":41}},"34":{"start":{"line":96,"column":8},"end":{"line":98,"column":12}},"35":{"start":{"line":96,"column":38},"end":{"line":98,"column":9}},"36":{"start":{"line":102,"column":8},"end":{"line":104,"column":12}},"37":{"start":{"line":102,"column":38},"end":{"line":104,"column":9}},"38":{"start":{"line":108,"column":8},"end":{"line":108,"column":27}},"39":{"start":{"line":109,"column":29},"end":{"line":109,"column":43}},"40":{"start":{"line":112,"column":8},"end":{"line":115,"column":11}},"41":{"start":{"line":117,"column":24},"end":{"line":117,"column":70}},"42":{"start":{"line":119,"column":8},"end":{"line":125,"column":9}},"43":{"start":{"line":124,"column":12},"end":{"line":124,"column":44}},"44":{"start":{"line":129,"column":8},"end":{"line":129,"column":27}},"45":{"start":{"line":133,"column":8},"end":{"line":133,"column":27}},"46":{"start":{"line":135,"column":8},"end":{"line":145,"column":9}},"47":{"start":{"line":142,"column":33},"end":{"line":142,"column":65}},"48":{"start":{"line":143,"column":12},"end":{"line":143,"column":44}},"49":{"start":{"line":144,"column":12},"end":{"line":144,"column":19}},"50":{"start":{"line":148,"column":28},"end":{"line":148,"column":47}},"51":{"start":{"line":150,"column":8},"end":{"line":157,"column":9}},"52":{"start":{"line":154,"column":33},"end":{"line":154,"column":87}},"53":{"start":{"line":155,"column":12},"end":{"line":155,"column":44}},"54":{"start":{"line":156,"column":12},"end":{"line":156,"column":19}},"55":{"start":{"line":160,"column":8},"end":{"line":164,"column":9}},"56":{"start":{"line":161,"column":33},"end":{"line":161,"column":87}},"57":{"start":{"line":162,"column":12},"end":{"line":162,"column":44}},"58":{"start":{"line":163,"column":12},"end":{"line":163,"column":19}},"59":{"start":{"line":166,"column":19},"end":{"line":173,"column":9}},"60":{"start":{"line":175,"column":20},"end":{"line":175,"column":49}},"61":{"start":{"line":177,"column":25},"end":{"line":184,"column":10}},"62":{"start":{"line":186,"column":8},"end":{"line":200,"column":15}},"63":{"start":{"line":189,"column":16},"end":{"line":193,"column":19}},"64":{"start":{"line":196,"column":16},"end":{"line":196,"column":58}},"65":{"start":{"line":197,"column":16},"end":{"line":197,"column":35}},"66":{"start":{"line":198,"column":37},"end":{"line":198,"column":80}},"67":{"start":{"line":199,"column":16},"end":{"line":199,"column":48}},"68":{"start":{"line":204,"column":8},"end":{"line":204,"column":27}},"69":{"start":{"line":205,"column":8},"end":{"line":205,"column":36}},"70":{"start":{"line":206,"column":22},"end":{"line":206,"column":36}},"71":{"start":{"line":207,"column":8},"end":{"line":207,"column":30}},"72":{"start":{"line":208,"column":25},"end":{"line":208,"column":39}},"73":{"start":{"line":209,"column":8},"end":{"line":209,"column":57}},"74":{"start":{"line":211,"column":20},"end":{"line":211,"column":49}},"75":{"start":{"line":212,"column":25},"end":{"line":221,"column":10}},"76":{"start":{"line":222,"column":8},"end":{"line":231,"column":15}},"77":{"start":{"line":225,"column":16},"end":{"line":225,"column":79}},"78":{"start":{"line":226,"column":16},"end":{"line":226,"column":91}},"79":{"start":{"line":229,"column":16},"end":{"line":229,"column":65}},"80":{"start":{"line":230,"column":16},"end":{"line":230,"column":35}},"81":{"start":{"line":235,"column":20},"end":{"line":235,"column":49}},"82":{"start":{"line":236,"column":36},"end":{"line":236,"column":73}},"83":{"start":{"line":237,"column":8},"end":{"line":258,"column":9}},"84":{"start":{"line":238,"column":12},"end":{"line":238,"column":94}},"85":{"start":{"line":240,"column":29},"end":{"line":247,"column":14}},"86":{"start":{"line":248,"column":12},"end":{"line":257,"column":19}},"87":{"start":{"line":251,"column":33},"end":{"line":251,"column":46}},"88":{"start":{"line":252,"column":20},"end":{"line":252,"column":87}},"89":{"start":{"line":253,"column":20},"end":{"line":253,"column":64}},"90":{"start":{"line":256,"column":20},"end":{"line":256,"column":89}},"91":{"start":{"line":268,"column":12},"end":{"line":268,"column":22}},"92":{"start":{"line":269,"column":31},"end":{"line":269,"column":68}},"93":{"start":{"line":271,"column":8},"end":{"line":273,"column":9}},"94":{"start":{"line":272,"column":12},"end":{"line":272,"column":43}},"95":{"start":{"line":275,"column":8},"end":{"line":280,"column":9}},"96":{"start":{"line":276,"column":12},"end":{"line":279,"column":14}},"97":{"start":{"line":282,"column":8},"end":{"line":415,"column":9}},"98":{"start":{"line":283,"column":12},"end":{"line":283,"column":41}},"99":{"start":{"line":285,"column":12},"end":{"line":414,"column":14}},"100":{"start":{"line":356,"column":56},"end":{"line":356,"column":78}}},"fnMap":{"0":{"name":"(anonymous_0)","decl":{"start":{"line":8,"column":4},"end":{"line":8,"column":5}},"loc":{"start":{"line":8,"column":23},"end":{"line":35,"column":5}},"line":8},"1":{"name":"(anonymous_1)","decl":{"start":{"line":37,"column":4},"end":{"line":37,"column":5}},"loc":{"start":{"line":37,"column":24},"end":{"line":41,"column":5}},"line":37},"2":{"name":"(anonymous_2)","decl":{"start":{"line":43,"column":4},"end":{"line":43,"column":5}},"loc":{"start":{"line":43,"column":25},"end":{"line":47,"column":5}},"line":43},"3":{"name":"(anonymous_3)","decl":{"start":{"line":49,"column":4},"end":{"line":49,"column":5}},"loc":{"start":{"line":49,"column":23},"end":{"line":53,"column":5}},"line":49},"4":{"name":"(anonymous_4)","decl":{"start":{"line":55,"column":4},"end":{"line":55,"column":5}},"loc":{"start":{"line":55,"column":24},"end":{"line":74,"column":5}},"line":55},"5":{"name":"(anonymous_5)","decl":{"start":{"line":76,"column":4},"end":{"line":76,"column":5}},"loc":{"start":{"line":76,"column":21},"end":{"line":93,"column":5}},"line":76},"6":{"name":"(anonymous_6)","decl":{"start":{"line":95,"column":4},"end":{"line":95,"column":5}},"loc":{"start":{"line":95,"column":21},"end":{"line":99,"column":5}},"line":95},"7":{"name":"(anonymous_7)","decl":{"start":{"line":96,"column":22},"end":{"line":96,"column":23}},"loc":{"start":{"line":96,"column":38},"end":{"line":98,"column":9}},"line":96},"8":{"name":"(anonymous_8)","decl":{"start":{"line":101,"column":4},"end":{"line":101,"column":5}},"loc":{"start":{"line":101,"column":27},"end":{"line":105,"column":5}},"line":101},"9":{"name":"(anonymous_9)","decl":{"start":{"line":102,"column":22},"end":{"line":102,"column":23}},"loc":{"start":{"line":102,"column":38},"end":{"line":104,"column":9}},"line":102},"10":{"name":"(anonymous_10)","decl":{"start":{"line":107,"column":4},"end":{"line":107,"column":5}},"loc":{"start":{"line":107,"column":24},"end":{"line":126,"column":5}},"line":107},"11":{"name":"(anonymous_11)","decl":{"start":{"line":128,"column":4},"end":{"line":128,"column":5}},"loc":{"start":{"line":128,"column":22},"end":{"line":130,"column":5}},"line":128},"12":{"name":"(anonymous_12)","decl":{"start":{"line":132,"column":4},"end":{"line":132,"column":5}},"loc":{"start":{"line":132,"column":22},"end":{"line":201,"column":5}},"line":132},"13":{"name":"(anonymous_13)","decl":{"start":{"line":188,"column":18},"end":{"line":188,"column":19}},"loc":{"start":{"line":188,"column":32},"end":{"line":194,"column":13}},"line":188},"14":{"name":"(anonymous_14)","decl":{"start":{"line":195,"column":19},"end":{"line":195,"column":20}},"loc":{"start":{"line":195,"column":28},"end":{"line":200,"column":13}},"line":195},"15":{"name":"(anonymous_15)","decl":{"start":{"line":203,"column":4},"end":{"line":203,"column":5}},"loc":{"start":{"line":203,"column":19},"end":{"line":232,"column":5}},"line":203},"16":{"name":"(anonymous_16)","decl":{"start":{"line":224,"column":18},"end":{"line":224,"column":19}},"loc":{"start":{"line":224,"column":32},"end":{"line":227,"column":13}},"line":224},"17":{"name":"(anonymous_17)","decl":{"start":{"line":228,"column":19},"end":{"line":228,"column":20}},"loc":{"start":{"line":228,"column":28},"end":{"line":231,"column":13}},"line":228},"18":{"name":"(anonymous_18)","decl":{"start":{"line":234,"column":4},"end":{"line":234,"column":5}},"loc":{"start":{"line":234,"column":24},"end":{"line":259,"column":5}},"line":234},"19":{"name":"(anonymous_19)","decl":{"start":{"line":250,"column":22},"end":{"line":250,"column":23}},"loc":{"start":{"line":250,"column":36},"end":{"line":254,"column":17}},"line":250},"20":{"name":"(anonymous_20)","decl":{"start":{"line":255,"column":23},"end":{"line":255,"column":24}},"loc":{"start":{"line":255,"column":34},"end":{"line":257,"column":17}},"line":255},"21":{"name":"(anonymous_21)","decl":{"start":{"line":261,"column":4},"end":{"line":261,"column":5}},"loc":{"start":{"line":261,"column":13},"end":{"line":416,"column":5}},"line":261},"22":{"name":"(anonymous_22)","decl":{"start":{"line":356,"column":49},"end":{"line":356,"column":50}},"loc":{"start":{"line":356,"column":56},"end":{"line":356,"column":78}},"line":356}},"branchMap":{"0":{"loc":{"start":{"line":67,"column":8},"end":{"line":73,"column":9}},"type":"if","locations":[{"start":{"line":67,"column":8},"end":{"line":73,"column":9}},{"start":{},"end":{}}],"line":67},"1":{"loc":{"start":{"line":68,"column":12},"end":{"line":70,"column":38}},"type":"binary-expr","locations":[{"start":{"line":68,"column":12},"end":{"line":68,"column":36}},{"start":{"line":69,"column":12},"end":{"line":69,"column":37}},{"start":{"line":70,"column":12},"end":{"line":70,"column":38}}],"line":68},"2":{"loc":{"start":{"line":88,"column":8},"end":{"line":92,"column":9}},"type":"if","locations":[{"start":{"line":88,"column":8},"end":{"line":92,"column":9}},{"start":{},"end":{}}],"line":88},"3":{"loc":{"start":{"line":119,"column":8},"end":{"line":125,"column":9}},"type":"if","locations":[{"start":{"line":119,"column":8},"end":{"line":125,"column":9}},{"start":{},"end":{}}],"line":119},"4":{"loc":{"start":{"line":120,"column":12},"end":{"line":122,"column":38}},"type":"binary-expr","locations":[{"start":{"line":120,"column":12},"end":{"line":120,"column":36}},{"start":{"line":121,"column":12},"end":{"line":121,"column":37}},{"start":{"line":122,"column":12},"end":{"line":122,"column":38}}],"line":120},"5":{"loc":{"start":{"line":135,"column":8},"end":{"line":145,"column":9}},"type":"if","locations":[{"start":{"line":135,"column":8},"end":{"line":145,"column":9}},{"start":{},"end":{}}],"line":135},"6":{"loc":{"start":{"line":136,"column":12},"end":{"line":140,"column":34}},"type":"binary-expr","locations":[{"start":{"line":136,"column":12},"end":{"line":136,"column":33}},{"start":{"line":137,"column":12},"end":{"line":137,"column":36}},{"start":{"line":138,"column":12},"end":{"line":138,"column":36}},{"start":{"line":139,"column":12},"end":{"line":139,"column":33}},{"start":{"line":140,"column":12},"end":{"line":140,"column":34}}],"line":136},"7":{"loc":{"start":{"line":150,"column":8},"end":{"line":157,"column":9}},"type":"if","locations":[{"start":{"line":150,"column":8},"end":{"line":157,"column":9}},{"start":{},"end":{}}],"line":150},"8":{"loc":{"start":{"line":151,"column":12},"end":{"line":152,"column":52}},"type":"binary-expr","locations":[{"start":{"line":151,"column":12},"end":{"line":151,"column":51}},{"start":{"line":152,"column":12},"end":{"line":152,"column":52}}],"line":151},"9":{"loc":{"start":{"line":160,"column":8},"end":{"line":164,"column":9}},"type":"if","locations":[{"start":{"line":160,"column":8},"end":{"line":164,"column":9}},{"start":{},"end":{}}],"line":160},"10":{"loc":{"start":{"line":160,"column":12},"end":{"line":160,"column":71}},"type":"binary-expr","locations":[{"start":{"line":160,"column":12},"end":{"line":160,"column":30}},{"start":{"line":160,"column":34},"end":{"line":160,"column":71}}],"line":160},"11":{"loc":{"start":{"line":237,"column":8},"end":{"line":258,"column":9}},"type":"if","locations":[{"start":{"line":237,"column":8},"end":{"line":258,"column":9}},{"start":{"line":239,"column":15},"end":{"line":258,"column":9}}],"line":237},"12":{"loc":{"start":{"line":271,"column":8},"end":{"line":273,"column":9}},"type":"if","locations":[{"start":{"line":271,"column":8},"end":{"line":273,"column":9}},{"start":{},"end":{}}],"line":271},"13":{"loc":{"start":{"line":275,"column":8},"end":{"line":280,"column":9}},"type":"if","locations":[{"start":{"line":275,"column":8},"end":{"line":280,"column":9}},{"start":{},"end":{}}],"line":275},"14":{"loc":{"start":{"line":275,"column":12},"end":{"line":275,"column":68}},"type":"binary-expr","locations":[{"start":{"line":275,"column":12},"end":{"line":275,"column":39}},{"start":{"line":275,"column":43},"end":{"line":275,"column":68}}],"line":275},"15":{"loc":{"start":{"line":282,"column":8},"end":{"line":415,"column":9}},"type":"if","locations":[{"start":{"line":282,"column":8},"end":{"line":415,"column":9}},{"start":{"line":284,"column":15},"end":{"line":415,"column":9}}],"line":282},"16":{"loc":{"start":{"line":332,"column":41},"end":{"line":332,"column":124}},"type":"cond-expr","locations":[{"start":{"line":332,"column":87},"end":{"line":332,"column":119}},{"start":{"line":332,"column":122},"end":{"line":332,"column":124}}],"line":332},"17":{"loc":{"start":{"line":332,"column":127},"end":{"line":332,"column":202}},"type":"cond-expr","locations":[{"start":{"line":332,"column":169},"end":{"line":332,"column":197}},{"start":{"line":332,"column":200},"end":{"line":332,"column":202}}],"line":332},"18":{"loc":{"start":{"line":332,"column":205},"end":{"line":332,"column":286}},"type":"cond-expr","locations":[{"start":{"line":332,"column":250},"end":{"line":332,"column":281}},{"start":{"line":332,"column":284},"end":{"line":332,"column":286}}],"line":332},"19":{"loc":{"start":{"line":404,"column":42},"end":{"line":404,"column":85}},"type":"cond-expr","locations":[{"start":{"line":404,"column":55},"end":{"line":404,"column":65}},{"start":{"line":404,"column":68},"end":{"line":404,"column":85}}],"line":404},"20":{"loc":{"start":{"line":408,"column":37},"end":{"line":408,"column":81}},"type":"binary-expr","locations":[{"start":{"line":408,"column":37},"end":{"line":408,"column":56}},{"start":{"line":408,"column":60},"end":{"line":408,"column":81}}],"line":408}},"s":{"0":36,"1":36,"2":36,"3":36,"4":36,"5":36,"6":36,"7":36,"8":36,"9":36,"10":36,"11":36,"12":36,"13":3,"14":3,"15":3,"16":3,"17":3,"18":3,"19":3,"20":3,"21":3,"22":4,"23":4,"24":4,"25":4,"26":4,"27":1,"28":2,"29":2,"30":2,"31":2,"32":2,"33":1,"34":2,"35":2,"36":2,"37":2,"38":4,"39":4,"40":4,"41":4,"42":4,"43":4,"44":3,"45":4,"46":4,"47":1,"48":1,"49":1,"50":3,"51":3,"52":1,"53":1,"54":1,"55":2,"56":1,"57":1,"58":1,"59":1,"60":1,"61":1,"62":1,"63":1,"64":0,"65":0,"66":0,"67":0,"68":0,"69":0,"70":0,"71":0,"72":0,"73":0,"74":0,"75":0,"76":0,"77":0,"78":0,"79":0,"80":0,"81":38,"82":38,"83":38,"84":38,"85":0,"86":0,"87":0,"88":0,"89":0,"90":0,"91":107,"92":107,"93":107,"94":2,"95":105,"96":1,"97":105,"98":36,"99":69,"100":1},"f":{"0":36,"1":3,"2":3,"3":3,"4":4,"5":2,"6":2,"7":2,"8":2,"9":2,"10":4,"11":3,"12":4,"13":1,"14":0,"15":0,"16":0,"17":0,"18":38,"19":0,"20":0,"21":107,"22":1},"b":{"0":[1,3],"1":[4,4,4],"2":[1,1],"3":[4,0],"4":[4,4,4],"5":[1,3],"6":[4,3,3,3,3],"7":[1,2],"8":[3,3],"9":[1,1],"10":[2,1],"11":[38,0],"12":[2,105],"13":[1,104],"14":[105,105],"15":[36,69],"16":[69,0],"17":[69,0],"18":[69,0],"19":[2,67],"20":[69,3]},"_coverageSchema":"1a1c01bbd47fc00a2c39e90264f33305004495a9","hash":"75bfe3139228c729f0d6442687aaff82f1caa67c"}
}
