TN:
SF:src\components\ChatModule.js
FN:29,checkWebSocket
FN:39,(anonymous_1)
FN:65,(anonymous_2)
FN:75,(anonymous_3)
FN:86,(anonymous_4)
FN:94,(anonymous_5)
FN:106,(anonymous_6)
FN:112,(anonymous_7)
FN:119,(anonymous_8)
FN:124,(anonymous_9)
FN:141,(anonymous_10)
FN:142,(anonymous_11)
FN:144,(anonymous_12)
FN:162,(anonymous_13)
FN:170,(anonymous_14)
FN:178,(anonymous_15)
FN:213,(anonymous_16)
FN:234,(anonymous_17)
FN:238,(anonymous_18)
FN:241,(anonymous_19)
FN:245,(anonymous_20)
FN:253,(anonymous_21)
FN:263,(anonymous_22)
FN:275,(anonymous_23)
FN:284,(anonymous_24)
FN:287,(anonymous_25)
FN:293,(anonymous_26)
FN:301,(anonymous_27)
FN:305,(anonymous_28)
FN:309,(anonymous_29)
FN:317,(anonymous_30)
FN:348,(anonymous_31)
FN:353,(anonymous_32)
FN:357,(anonymous_33)
FN:363,(anonymous_34)
FN:372,(anonymous_35)
FN:397,(anonymous_36)
FN:401,(anonymous_37)
FN:425,(anonymous_38)
FN:476,(anonymous_39)
FN:567,(anonymous_40)
FN:658,(anonymous_41)
FNF:42
FNH:33
FNDA:2,checkWebSocket
FNDA:35,(anonymous_1)
FNDA:3,(anonymous_2)
FNDA:1,(anonymous_3)
FNDA:1,(anonymous_4)
FNDA:1,(anonymous_5)
FNDA:1,(anonymous_6)
FNDA:3,(anonymous_7)
FNDA:2,(anonymous_8)
FNDA:2,(anonymous_9)
FNDA:3,(anonymous_10)
FNDA:3,(anonymous_11)
FNDA:3,(anonymous_12)
FNDA:0,(anonymous_13)
FNDA:9,(anonymous_14)
FNDA:8,(anonymous_15)
FNDA:3,(anonymous_16)
FNDA:2,(anonymous_17)
FNDA:2,(anonymous_18)
FNDA:2,(anonymous_19)
FNDA:2,(anonymous_20)
FNDA:7,(anonymous_21)
FNDA:36,(anonymous_22)
FNDA:2,(anonymous_23)
FNDA:1,(anonymous_24)
FNDA:1,(anonymous_25)
FNDA:1,(anonymous_26)
FNDA:0,(anonymous_27)
FNDA:0,(anonymous_28)
FNDA:0,(anonymous_29)
FNDA:0,(anonymous_30)
FNDA:0,(anonymous_31)
FNDA:1,(anonymous_32)
FNDA:34,(anonymous_33)
FNDA:1,(anonymous_34)
FNDA:3,(anonymous_35)
FNDA:0,(anonymous_36)
FNDA:0,(anonymous_37)
FNDA:54,(anonymous_38)
FNDA:3,(anonymous_39)
FNDA:0,(anonymous_40)
FNDA:1,(anonymous_41)
DA:24,2
DA:25,2
DA:26,2
DA:27,2
DA:30,2
DA:31,1
DA:35,2
DA:40,35
DA:41,35
DA:42,35
DA:55,35
DA:56,35
DA:57,35
DA:58,35
DA:59,35
DA:60,35
DA:61,35
DA:62,35
DA:66,3
DA:67,3
DA:68,2
DA:76,1
DA:77,1
DA:86,35
DA:87,1
DA:94,1
DA:95,1
DA:96,1
DA:98,0
DA:99,0
DA:103,1
DA:107,1
DA:108,1
DA:109,1
DA:113,3
DA:120,2
DA:121,2
DA:125,2
DA:127,2
DA:128,2
DA:130,2
DA:131,1
DA:136,1
DA:142,3
DA:143,3
DA:144,3
DA:145,3
DA:146,3
DA:149,3
DA:150,1
DA:151,1
DA:155,3
DA:156,1
DA:157,1
DA:160,3
DA:162,3
DA:163,0
DA:164,0
DA:166,3
DA:170,35
DA:171,9
DA:172,9
DA:173,9
DA:174,9
DA:175,9
DA:176,9
DA:178,9
DA:179,8
DA:180,8
DA:181,8
DA:182,8
DA:183,8
DA:184,8
DA:186,8
DA:187,8
DA:188,1
DA:189,1
DA:190,1
DA:193,7
DA:194,1
DA:195,1
DA:198,6
DA:199,1
DA:200,1
DA:203,5
DA:204,1
DA:205,1
DA:208,4
DA:209,1
DA:212,4
DA:213,3
DA:214,3
DA:215,1
DA:218,2
DA:223,1
DA:226,0
DA:231,9
DA:235,2
DA:239,2
DA:241,2
DA:242,2
DA:243,2
DA:245,2
DA:246,2
DA:247,2
DA:250,2
DA:253,2
DA:254,7
DA:255,7
DA:258,2
DA:264,36
DA:265,36
DA:273,36
DA:276,2
DA:280,2
DA:285,1
DA:288,1
DA:294,1
DA:296,1
DA:297,1
DA:301,1
DA:302,0
DA:303,0
DA:305,1
DA:306,0
DA:307,0
DA:309,1
DA:310,0
DA:315,0
DA:317,1
DA:318,0
DA:319,0
DA:324,0
DA:325,0
DA:326,0
DA:330,0
DA:333,0
DA:338,0
DA:339,0
DA:340,0
DA:344,0
DA:349,0
DA:350,0
DA:354,1
DA:358,34
DA:359,34
DA:363,35
DA:365,1
DA:367,1
DA:368,1
DA:373,3
DA:374,3
DA:376,3
DA:377,2
DA:378,1
DA:380,1
DA:386,1
DA:387,1
DA:388,1
DA:389,1
DA:391,0
DA:398,0
DA:399,0
DA:401,0
DA:402,0
DA:403,0
DA:412,0
DA:413,0
DA:414,0
DA:416,0
DA:417,0
DA:418,0
DA:422,0
DA:426,54
DA:445,54
DA:446,54
DA:447,50
DA:459,4
DA:460,0
DA:462,4
DA:477,3
DA:567,0
DA:659,1
LF:183
LH:144
BRDA:30,0,0,1
BRDA:30,0,1,1
BRDA:30,1,0,2
BRDA:30,1,1,1
BRDA:67,2,0,2
BRDA:67,2,1,1
BRDA:76,3,0,1
BRDA:76,3,1,0
BRDA:76,4,0,1
BRDA:76,4,1,1
BRDA:95,5,0,1
BRDA:95,5,1,0
BRDA:95,6,0,1
BRDA:95,6,1,1
BRDA:127,7,0,0
BRDA:127,7,1,2
BRDA:130,8,0,1
BRDA:130,8,1,1
BRDA:149,9,0,1
BRDA:149,9,1,2
BRDA:149,10,0,3
BRDA:149,10,1,2
BRDA:155,11,0,1
BRDA:155,11,1,2
BRDA:155,12,0,3
BRDA:155,12,1,2
BRDA:181,13,0,8
BRDA:181,13,1,0
BRDA:187,14,0,1
BRDA:187,14,1,7
BRDA:193,15,0,1
BRDA:193,15,1,6
BRDA:193,16,0,7
BRDA:193,16,1,1
BRDA:198,17,0,1
BRDA:198,17,1,5
BRDA:198,18,0,6
BRDA:198,18,1,4
BRDA:203,19,0,1
BRDA:203,19,1,4
BRDA:203,20,0,5
BRDA:203,20,1,2
BRDA:208,21,0,1
BRDA:208,21,1,3
BRDA:212,22,0,3
BRDA:212,22,1,1
BRDA:214,23,0,1
BRDA:214,23,1,2
BRDA:319,24,0,0
BRDA:319,24,1,0
BRDA:320,25,0,0
BRDA:320,25,1,0
BRDA:320,25,2,0
BRDA:324,26,0,0
BRDA:324,26,1,0
BRDA:324,27,0,0
BRDA:324,27,1,0
BRDA:365,28,0,1
BRDA:365,28,1,0
BRDA:376,29,0,2
BRDA:376,29,1,1
BRDA:376,30,0,3
BRDA:376,30,1,1
BRDA:377,31,0,1
BRDA:377,31,1,1
BRDA:387,32,0,1
BRDA:387,32,1,0
BRDA:412,33,0,0
BRDA:412,33,1,0
BRDA:412,34,0,0
BRDA:412,34,1,0
BRDA:446,35,0,50
BRDA:446,35,1,4
BRDA:459,36,0,0
BRDA:459,36,1,4
BRDA:481,37,0,0
BRDA:481,37,1,3
BRDA:482,38,0,0
BRDA:482,38,1,3
BRDA:486,39,0,3
BRDA:486,39,1,0
BRDA:487,40,0,1
BRDA:487,40,1,2
BRDA:494,41,0,1
BRDA:494,41,1,1
BRDA:507,42,0,3
BRDA:507,42,1,3
BRDA:512,43,0,0
BRDA:512,43,1,3
BRDA:521,44,0,0
BRDA:521,44,1,3
BRDA:528,45,0,0
BRDA:528,45,1,3
BRDA:540,46,0,0
BRDA:540,46,1,3
BRDA:545,47,0,0
BRDA:545,47,1,3
BRDA:578,48,0,0
BRDA:578,48,1,4
BRDA:592,49,0,4
BRDA:592,49,1,0
BRDA:669,50,0,0
BRDA:669,50,1,1
BRF:103
BRH:72
end_of_record
TN:
SF:src\components\NavBar.js
FN:6,(anonymous_0)
FNF:1
FNH:1
FNDA:2,(anonymous_0)
DA:7,2
LF:1
LH:1
BRF:0
BRH:0
end_of_record
TN:
SF:src\components\ProtectedRoute.js
FN:5,(anonymous_0)
FNF:1
FNH:1
FNDA:2,(anonymous_0)
DA:6,2
DA:7,2
DA:8,2
LF:3
LH:3
BRDA:8,0,0,1
BRDA:8,0,1,1
BRF:2
BRH:2
end_of_record
TN:
SF:src\components\VideoChatModule.js
FN:5,(anonymous_0)
FN:9,(anonymous_1)
FN:17,(anonymous_2)
FN:26,(anonymous_3)
FN:28,(anonymous_4)
FN:51,(anonymous_5)
FN:60,(anonymous_6)
FN:63,(anonymous_7)
FN:68,(anonymous_8)
FN:77,(anonymous_9)
FN:90,(anonymous_10)
FNF:11
FNH:6
FNDA:3,(anonymous_0)
FNDA:3,(anonymous_1)
FNDA:3,(anonymous_2)
FNDA:0,(anonymous_3)
FNDA:0,(anonymous_4)
FNDA:0,(anonymous_5)
FNDA:6,(anonymous_6)
FNDA:0,(anonymous_7)
FNDA:2,(anonymous_8)
FNDA:0,(anonymous_9)
FNDA:2,(anonymous_10)
DA:5,2
DA:6,3
DA:7,3
DA:9,3
DA:10,3
DA:11,0
DA:12,0
DA:13,0
DA:17,3
DA:18,3
DA:19,0
DA:20,0
DA:22,0
DA:25,0
DA:26,0
DA:29,0
DA:33,3
DA:37,3
DA:52,0
DA:60,2
DA:61,6
DA:62,6
DA:64,0
DA:68,6
DA:69,2
DA:70,2
DA:73,6
DA:78,0
DA:90,2
DA:91,2
LF:30
LH:18
BRDA:10,0,0,0
BRDA:10,0,1,3
BRDA:10,1,0,3
BRDA:10,1,1,3
BRDA:18,2,0,0
BRDA:18,2,1,3
BRDA:18,3,0,3
BRDA:18,3,1,3
BRDA:18,3,2,3
BRDA:25,4,0,0
BRDA:25,4,1,0
BRDA:40,5,0,3
BRDA:40,5,1,3
BRDA:75,6,0,0
BRDA:75,6,1,6
BRDA:75,7,0,6
BRDA:75,7,1,2
BRDA:81,8,0,2
BRDA:81,8,1,4
BRDA:81,9,0,6
BRDA:81,9,1,2
BRF:21
BRH:16
end_of_record
TN:
SF:src\pages\auth\Login.js
FN:8,(anonymous_0)
FN:23,(anonymous_1)
FN:31,(anonymous_2)
FN:39,(anonymous_3)
FN:57,(anonymous_4)
FN:67,(anonymous_5)
FN:75,(anonymous_6)
FN:79,(anonymous_7)
FN:129,(anonymous_8)
FN:140,(anonymous_9)
FNF:10
FNH:9
FNDA:9,(anonymous_0)
FNDA:4,(anonymous_1)
FNDA:4,(anonymous_2)
FNDA:4,(anonymous_3)
FNDA:2,(anonymous_4)
FNDA:2,(anonymous_5)
FNDA:0,(anonymous_6)
FNDA:21,(anonymous_7)
FNDA:4,(anonymous_8)
FNDA:4,(anonymous_9)
DA:9,9
DA:10,9
DA:17,9
DA:18,9
DA:19,9
DA:20,9
DA:24,4
DA:25,4
DA:32,4
DA:33,4
DA:41,4
DA:42,4
DA:43,4
DA:44,4
DA:45,4
DA:46,4
DA:48,4
DA:55,4
DA:58,2
DA:59,2
DA:60,1
DA:61,1
DA:62,1
DA:64,1
DA:68,2
DA:69,2
DA:76,0
DA:80,21
DA:93,21
DA:94,21
DA:95,0
DA:96,21
DA:97,1
DA:99,20
DA:129,4
DA:140,4
LF:36
LH:34
BRDA:27,0,0,4
BRDA:27,0,1,4
BRDA:35,1,0,4
BRDA:35,1,1,3
BRDA:59,2,0,1
BRDA:59,2,1,1
BRDA:94,3,0,0
BRDA:94,3,1,21
BRDA:96,4,0,1
BRDA:96,4,1,20
BRDA:171,5,0,20
BRDA:171,5,1,3
BRF:12
BRH:11
end_of_record
TN:
SF:src\pages\auth\Logout.js
FN:5,(anonymous_0)
FN:13,(anonymous_1)
FN:17,(anonymous_2)
FN:22,(anonymous_3)
FNF:4
FNH:4
FNDA:1,(anonymous_0)
FNDA:1,(anonymous_1)
FNDA:1,(anonymous_2)
FNDA:2,(anonymous_3)
DA:6,1
DA:7,1
DA:10,1
DA:14,1
DA:18,1
DA:19,1
DA:23,2
DA:25,2
DA:26,1
DA:29,1
LF:10
LH:10
BRDA:25,0,0,1
BRDA:25,0,1,1
BRF:2
BRH:2
end_of_record
TN:
SF:src\pages\auth\Registration.js
FN:8,(anonymous_0)
FN:26,(anonymous_1)
FN:37,(anonymous_2)
FN:49,(anonymous_3)
FN:61,(anonymous_4)
FN:73,(anonymous_5)
FN:82,(anonymous_6)
FN:100,(anonymous_7)
FN:106,(anonymous_8)
FN:125,(anonymous_9)
FN:137,(anonymous_10)
FN:145,(anonymous_11)
FN:153,(anonymous_12)
FN:200,(anonymous_13)
FN:211,(anonymous_14)
FN:222,(anonymous_15)
FNF:16
FNH:16
FNDA:9,(anonymous_0)
FNDA:1,(anonymous_1)
FNDA:5,(anonymous_2)
FNDA:5,(anonymous_3)
FNDA:5,(anonymous_4)
FNDA:15,(anonymous_5)
FNDA:7,(anonymous_6)
FNDA:4,(anonymous_7)
FNDA:2,(anonymous_8)
FNDA:4,(anonymous_9)
FNDA:1,(anonymous_10)
FNDA:3,(anonymous_11)
FNDA:55,(anonymous_12)
FNDA:5,(anonymous_13)
FNDA:5,(anonymous_14)
FNDA:5,(anonymous_15)
DA:9,9
DA:10,9
DA:20,9
DA:21,9
DA:22,9
DA:23,9
DA:26,9
DA:27,1
DA:38,5
DA:39,5
DA:40,5
DA:42,5
DA:50,5
DA:51,5
DA:52,5
DA:54,5
DA:62,5
DA:63,5
DA:64,5
DA:66,5
DA:74,15
DA:75,15
DA:77,15
DA:83,7
DA:85,7
DA:87,6
DA:101,4
DA:102,4
DA:103,4
DA:108,2
DA:109,1
DA:110,1
DA:111,1
DA:114,1
DA:115,1
DA:120,1
DA:126,4
DA:127,4
DA:128,4
DA:129,4
DA:136,4
DA:138,1
DA:139,1
DA:140,1
DA:141,1
DA:142,1
DA:146,3
DA:147,3
DA:154,55
DA:167,55
DA:168,55
DA:169,1
DA:171,54
DA:200,5
DA:211,5
DA:222,5
LF:56
LH:56
BRDA:45,0,0,4
BRDA:45,0,1,1
BRDA:57,1,0,4
BRDA:57,1,1,1
BRDA:69,2,0,4
BRDA:69,2,1,1
BRDA:75,3,0,15
BRDA:75,3,1,12
BRDA:75,3,2,8
BRDA:85,4,0,6
BRDA:85,4,1,1
BRDA:85,5,0,7
BRDA:85,5,1,6
BRDA:85,5,2,6
BRDA:101,6,0,4
BRDA:101,6,1,0
BRDA:108,7,0,1
BRDA:108,7,1,1
BRDA:108,8,0,2
BRDA:108,8,1,2
BRDA:110,9,0,1
BRDA:110,9,1,0
BRDA:139,10,0,1
BRDA:139,10,1,0
BRDA:168,11,0,1
BRDA:168,11,1,54
BRDA:168,12,0,55
BRDA:168,12,1,7
BRDA:251,13,0,54
BRDA:251,13,1,12
BRF:30
BRH:27
end_of_record
TN:
SF:src\pages\chat\Dashboard.js
FN:8,(anonymous_0)
FN:15,(anonymous_1)
FN:26,(anonymous_2)
FN:29,(anonymous_3)
FN:35,(anonymous_4)
FNF:5
FNH:5
FNDA:2,(anonymous_0)
FNDA:2,(anonymous_1)
FNDA:1,(anonymous_2)
FNDA:1,(anonymous_3)
FNDA:3,(anonymous_4)
DA:9,2
DA:10,2
DA:16,2
DA:17,2
DA:24,2
DA:27,1
DA:30,1
DA:31,1
DA:36,3
DA:39,3
DA:40,3
DA:41,2
DA:43,1
LF:13
LH:13
BRDA:40,0,0,2
BRDA:40,0,1,1
BRF:2
BRH:2
end_of_record
TN:
SF:src\pages\chat\VideoChatPage.js
FN:8,(anonymous_0)
FN:15,(anonymous_1)
FN:26,(anonymous_2)
FN:29,(anonymous_3)
FN:35,(anonymous_4)
FNF:5
FNH:5
FNDA:2,(anonymous_0)
FNDA:3,(anonymous_1)
FNDA:2,(anonymous_2)
FNDA:1,(anonymous_3)
FNDA:4,(anonymous_4)
DA:9,2
DA:10,2
DA:16,3
DA:17,3
DA:24,3
DA:27,2
DA:30,1
DA:31,1
DA:36,4
DA:41,4
DA:43,4
DA:44,2
DA:46,2
LF:13
LH:13
BRDA:43,0,0,2
BRDA:43,0,1,2
BRF:2
BRH:2
end_of_record
TN:
SF:src\pages\nav\Favorites.js
FN:13,(anonymous_0)
FN:37,(anonymous_1)
FN:49,(anonymous_2)
FN:52,(anonymous_3)
FN:57,(anonymous_4)
FN:64,(anonymous_5)
FN:74,(anonymous_6)
FN:95,(anonymous_7)
FN:97,(anonymous_8)
FN:104,(anonymous_9)
FN:110,(anonymous_10)
FN:123,(anonymous_11)
FN:129,(anonymous_12)
FN:133,(anonymous_13)
FN:139,(anonymous_14)
FN:143,(anonymous_15)
FN:147,(anonymous_16)
FN:152,(anonymous_17)
FN:161,(anonymous_18)
FN:183,(anonymous_19)
FN:187,(anonymous_20)
FN:192,(anonymous_21)
FN:206,(anonymous_22)
FN:213,(anonymous_23)
FN:220,(anonymous_24)
FN:233,(anonymous_25)
FN:240,(anonymous_26)
FN:243,(anonymous_27)
FN:249,(anonymous_28)
FN:256,(anonymous_29)
FN:308,(anonymous_30)
FN:318,(anonymous_31)
FN:325,(anonymous_32)
FN:333,(anonymous_33)
FN:336,(anonymous_34)
FN:346,(anonymous_35)
FN:358,(anonymous_36)
FN:361,(anonymous_37)
FN:375,(anonymous_38)
FN:378,(anonymous_39)
FNF:40
FNH:32
FNDA:27,(anonymous_0)
FNDA:8,(anonymous_1)
FNDA:4,(anonymous_2)
FNDA:4,(anonymous_3)
FNDA:2,(anonymous_4)
FNDA:3,(anonymous_5)
FNDA:6,(anonymous_6)
FNDA:2,(anonymous_7)
FNDA:1,(anonymous_8)
FNDA:4,(anonymous_9)
FNDA:2,(anonymous_10)
FNDA:0,(anonymous_11)
FNDA:1,(anonymous_12)
FNDA:1,(anonymous_13)
FNDA:4,(anonymous_14)
FNDA:2,(anonymous_15)
FNDA:1,(anonymous_16)
FNDA:1,(anonymous_17)
FNDA:4,(anonymous_18)
FNDA:1,(anonymous_19)
FNDA:1,(anonymous_20)
FNDA:2,(anonymous_21)
FNDA:1,(anonymous_22)
FNDA:1,(anonymous_23)
FNDA:27,(anonymous_24)
FNDA:2,(anonymous_25)
FNDA:1,(anonymous_26)
FNDA:1,(anonymous_27)
FNDA:25,(anonymous_28)
FNDA:50,(anonymous_29)
FNDA:1,(anonymous_30)
FNDA:1,(anonymous_31)
FNDA:15,(anonymous_32)
FNDA:0,(anonymous_33)
FNDA:0,(anonymous_34)
FNDA:0,(anonymous_35)
FNDA:0,(anonymous_36)
FNDA:0,(anonymous_37)
FNDA:0,(anonymous_38)
FNDA:0,(anonymous_39)
DA:14,27
DA:15,27
DA:26,27
DA:27,27
DA:28,27
DA:29,27
DA:31,27
DA:32,27
DA:34,27
DA:38,8
DA:39,8
DA:47,8
DA:50,4
DA:53,4
DA:58,2
DA:59,2
DA:60,2
DA:61,2
DA:65,3
DA:66,3
DA:67,2
DA:68,2
DA:70,1
DA:75,6
DA:76,6
DA:77,6
DA:78,4
DA:80,6
DA:84,6
DA:85,6
DA:93,6
DA:96,2
DA:97,2
DA:98,1
DA:99,1
DA:102,2
DA:105,4
DA:106,4
DA:111,2
DA:112,2
DA:113,2
DA:123,2
DA:126,2
DA:128,2
DA:130,1
DA:131,1
DA:134,1
DA:140,4
DA:144,2
DA:149,1
DA:152,27
DA:154,1
DA:157,1
DA:162,4
DA:163,4
DA:164,1
DA:165,1
DA:168,3
DA:169,1
DA:170,1
DA:173,2
DA:174,2
DA:182,2
DA:184,1
DA:185,1
DA:188,1
DA:193,2
DA:194,2
DA:195,2
DA:196,2
DA:204,2
DA:207,1
DA:209,1
DA:211,1
DA:214,1
DA:215,1
DA:223,27
DA:224,27
DA:231,27
DA:234,2
DA:238,2
DA:241,1
DA:245,1
DA:246,1
DA:250,25
DA:251,25
DA:257,50
DA:270,50
DA:271,50
DA:272,2
DA:274,48
DA:308,1
DA:318,1
DA:326,15
DA:327,8
DA:328,5
DA:333,0
DA:337,0
DA:347,0
DA:353,3
DA:358,0
DA:362,0
DA:370,7
DA:375,0
DA:378,0
LF:105
LH:98
BRDA:66,0,0,2
BRDA:66,0,1,1
BRDA:77,1,0,4
BRDA:77,1,1,2
BRDA:98,2,0,1
BRDA:98,2,1,0
BRDA:154,3,0,1
BRDA:154,3,1,0
BRDA:163,4,0,1
BRDA:163,4,1,3
BRDA:168,5,0,1
BRDA:168,5,1,2
BRDA:207,6,0,1
BRDA:207,6,1,0
BRDA:271,7,0,2
BRDA:271,7,1,48
BRDA:271,8,0,50
BRDA:271,8,1,2
BRDA:326,9,0,8
BRDA:326,9,1,7
BRDA:327,10,0,5
BRDA:327,10,1,3
BRDA:331,11,0,5
BRDA:331,11,1,0
BRDA:343,12,0,5
BRDA:343,12,1,0
BRDA:356,13,0,0
BRDA:356,13,1,3
BRDA:373,14,0,0
BRDA:373,14,1,7
BRF:30
BRH:23
end_of_record
TN:
SF:src\pages\nav\Home.js
FN:12,(anonymous_0)
FN:34,(anonymous_1)
FN:55,(anonymous_2)
FN:58,(anonymous_3)
FN:67,(anonymous_4)
FN:73,(anonymous_5)
FN:77,(anonymous_6)
FN:81,(anonymous_7)
FN:88,(anonymous_8)
FN:98,(anonymous_9)
FN:110,(anonymous_10)
FN:113,(anonymous_11)
FN:118,(anonymous_12)
FN:122,(anonymous_13)
FN:126,(anonymous_14)
FN:160,(anonymous_15)
FN:169,(anonymous_16)
FN:176,(anonymous_17)
FN:198,(anonymous_18)
FN:202,(anonymous_19)
FN:207,(anonymous_20)
FN:221,(anonymous_21)
FN:230,(anonymous_22)
FN:236,(anonymous_23)
FN:250,(anonymous_24)
FN:261,(anonymous_25)
FN:265,(anonymous_26)
FN:271,(anonymous_27)
FN:277,(anonymous_28)
FN:341,(anonymous_29)
FN:372,(anonymous_30)
FN:381,(anonymous_31)
FN:388,(anonymous_32)
FN:391,(anonymous_33)
FN:404,(anonymous_34)
FN:407,(anonymous_35)
FNF:36
FNH:28
FNDA:18,(anonymous_0)
FNDA:3,(anonymous_1)
FNDA:2,(anonymous_2)
FNDA:2,(anonymous_3)
FNDA:1,(anonymous_4)
FNDA:2,(anonymous_5)
FNDA:1,(anonymous_6)
FNDA:1,(anonymous_7)
FNDA:2,(anonymous_8)
FNDA:2,(anonymous_9)
FNDA:2,(anonymous_10)
FNDA:0,(anonymous_11)
FNDA:2,(anonymous_12)
FNDA:0,(anonymous_13)
FNDA:5,(anonymous_14)
FNDA:1,(anonymous_15)
FNDA:1,(anonymous_16)
FNDA:3,(anonymous_17)
FNDA:1,(anonymous_18)
FNDA:0,(anonymous_19)
FNDA:1,(anonymous_20)
FNDA:1,(anonymous_21)
FNDA:0,(anonymous_22)
FNDA:18,(anonymous_23)
FNDA:3,(anonymous_24)
FNDA:2,(anonymous_25)
FNDA:1,(anonymous_26)
FNDA:15,(anonymous_27)
FNDA:50,(anonymous_28)
FNDA:0,(anonymous_29)
FNDA:1,(anonymous_30)
FNDA:20,(anonymous_31)
FNDA:0,(anonymous_32)
FNDA:0,(anonymous_33)
FNDA:1,(anonymous_34)
FNDA:0,(anonymous_35)
DA:13,18
DA:14,18
DA:25,18
DA:26,18
DA:27,18
DA:28,18
DA:30,18
DA:31,18
DA:35,3
DA:36,3
DA:37,3
DA:38,2
DA:40,3
DA:44,3
DA:45,3
DA:53,3
DA:56,2
DA:57,2
DA:58,2
DA:59,2
DA:60,2
DA:61,2
DA:64,2
DA:65,2
DA:68,1
DA:69,1
DA:74,2
DA:78,1
DA:82,1
DA:83,1
DA:84,1
DA:85,1
DA:89,2
DA:90,2
DA:91,1
DA:92,1
DA:94,1
DA:99,2
DA:100,2
DA:108,2
DA:111,2
DA:114,0
DA:119,2
DA:123,0
DA:127,5
DA:128,5
DA:129,2
DA:130,2
DA:131,2
DA:140,3
DA:141,1
DA:142,1
DA:143,1
DA:146,2
DA:149,2
DA:150,2
DA:158,2
DA:161,1
DA:163,1
DA:164,1
DA:166,1
DA:170,1
DA:171,1
DA:172,1
DA:177,3
DA:178,3
DA:179,1
DA:180,1
DA:183,2
DA:184,1
DA:185,1
DA:188,1
DA:189,1
DA:197,1
DA:199,1
DA:200,1
DA:203,0
DA:208,1
DA:209,1
DA:210,1
DA:211,1
DA:219,1
DA:222,1
DA:225,1
DA:226,1
DA:227,1
DA:231,0
DA:232,0
DA:239,18
DA:240,18
DA:248,18
DA:251,3
DA:252,3
DA:253,3
DA:254,3
DA:255,3
DA:256,3
DA:259,3
DA:262,2
DA:263,2
DA:267,1
DA:268,1
DA:272,15
DA:273,15
DA:278,50
DA:291,50
DA:292,50
DA:294,50
DA:295,2
DA:297,48
DA:341,0
DA:372,1
DA:382,20
DA:383,6
DA:388,0
DA:392,0
DA:399,14
DA:404,1
DA:407,0
LF:119
LH:110
BRDA:37,0,0,2
BRDA:37,0,1,1
BRDA:59,1,0,2
BRDA:59,1,1,0
BRDA:90,2,0,1
BRDA:90,2,1,1
BRDA:128,3,0,2
BRDA:128,3,1,3
BRDA:140,4,0,1
BRDA:140,4,1,2
BRDA:161,5,0,1
BRDA:161,5,1,0
BRDA:178,6,0,1
BRDA:178,6,1,2
BRDA:183,7,0,1
BRDA:183,7,1,1
BRDA:222,8,0,1
BRDA:222,8,1,0
BRDA:294,9,0,2
BRDA:294,9,1,48
BRDA:294,10,0,50
BRDA:294,10,1,2
BRDA:382,11,0,6
BRDA:382,11,1,14
BRDA:415,12,0,48
BRDA:415,12,1,4
BRF:26
BRH:23
end_of_record
TN:
SF:src\pages\nav\Profile.js
FN:8,(anonymous_0)
FN:37,(anonymous_1)
FN:43,(anonymous_2)
FN:49,(anonymous_3)
FN:55,(anonymous_4)
FN:76,(anonymous_5)
FN:95,(anonymous_6)
FN:96,(anonymous_7)
FN:101,(anonymous_8)
FN:102,(anonymous_9)
FN:107,(anonymous_10)
FN:128,(anonymous_11)
FN:132,(anonymous_12)
FN:188,(anonymous_13)
FN:195,(anonymous_14)
FN:203,(anonymous_15)
FN:224,(anonymous_16)
FN:228,(anonymous_17)
FN:234,(anonymous_18)
FN:250,(anonymous_19)
FN:255,(anonymous_20)
FN:261,(anonymous_21)
FN:356,(anonymous_22)
FNF:23
FNH:17
FNDA:36,(anonymous_0)
FNDA:3,(anonymous_1)
FNDA:3,(anonymous_2)
FNDA:3,(anonymous_3)
FNDA:4,(anonymous_4)
FNDA:2,(anonymous_5)
FNDA:2,(anonymous_6)
FNDA:2,(anonymous_7)
FNDA:2,(anonymous_8)
FNDA:2,(anonymous_9)
FNDA:4,(anonymous_10)
FNDA:3,(anonymous_11)
FNDA:4,(anonymous_12)
FNDA:1,(anonymous_13)
FNDA:0,(anonymous_14)
FNDA:0,(anonymous_15)
FNDA:0,(anonymous_16)
FNDA:0,(anonymous_17)
FNDA:38,(anonymous_18)
FNDA:0,(anonymous_19)
FNDA:0,(anonymous_20)
FNDA:107,(anonymous_21)
FNDA:1,(anonymous_22)
DA:9,36
DA:10,36
DA:24,36
DA:25,36
DA:26,36
DA:27,36
DA:28,36
DA:29,36
DA:30,36
DA:31,36
DA:32,36
DA:33,36
DA:34,36
DA:38,3
DA:39,3
DA:40,3
DA:44,3
DA:45,3
DA:46,3
DA:50,3
DA:51,3
DA:52,3
DA:56,4
DA:57,4
DA:60,4
DA:65,4
DA:67,4
DA:72,1
DA:77,2
DA:78,2
DA:81,2
DA:86,2
DA:88,2
DA:91,1
DA:96,2
DA:102,2
DA:108,4
DA:109,4
DA:112,4
DA:117,4
DA:119,4
DA:124,4
DA:129,3
DA:133,4
DA:135,4
DA:142,1
DA:143,1
DA:144,1
DA:148,3
DA:150,3
DA:154,1
DA:155,1
DA:156,1
DA:160,2
DA:161,1
DA:162,1
DA:163,1
DA:166,1
DA:175,1
DA:177,1
DA:186,1
DA:189,1
DA:196,0
DA:197,0
DA:198,0
DA:199,0
DA:204,0
DA:205,0
DA:206,0
DA:207,0
DA:208,0
DA:209,0
DA:211,0
DA:212,0
DA:222,0
DA:225,0
DA:226,0
DA:229,0
DA:230,0
DA:235,38
DA:236,38
DA:237,38
DA:238,38
DA:240,0
DA:248,0
DA:251,0
DA:252,0
DA:253,0
DA:256,0
DA:268,107
DA:269,107
DA:271,107
DA:272,2
DA:275,105
DA:276,1
DA:282,105
DA:283,36
DA:285,69
DA:356,1
LF:99
LH:76
BRDA:67,0,0,1
BRDA:67,0,1,3
BRDA:68,1,0,4
BRDA:68,1,1,4
BRDA:68,1,2,4
BRDA:88,2,0,1
BRDA:88,2,1,1
BRDA:119,3,0,4
BRDA:119,3,1,0
BRDA:120,4,0,4
BRDA:120,4,1,4
BRDA:120,4,2,4
BRDA:135,5,0,1
BRDA:135,5,1,3
BRDA:136,6,0,4
BRDA:136,6,1,3
BRDA:136,6,2,3
BRDA:136,6,3,3
BRDA:136,6,4,3
BRDA:150,7,0,1
BRDA:150,7,1,2
BRDA:151,8,0,3
BRDA:151,8,1,3
BRDA:160,9,0,1
BRDA:160,9,1,1
BRDA:160,10,0,2
BRDA:160,10,1,1
BRDA:237,11,0,38
BRDA:237,11,1,0
BRDA:271,12,0,2
BRDA:271,12,1,105
BRDA:275,13,0,1
BRDA:275,13,1,104
BRDA:275,14,0,105
BRDA:275,14,1,105
BRDA:282,15,0,36
BRDA:282,15,1,69
BRDA:332,16,0,69
BRDA:332,16,1,0
BRDA:332,17,0,69
BRDA:332,17,1,0
BRDA:332,18,0,69
BRDA:332,18,1,0
BRDA:404,19,0,2
BRDA:404,19,1,67
BRDA:408,20,0,69
BRDA:408,20,1,3
BRF:47
BRH:42
end_of_record
